#
# There is insufficient memory for the Java Runtime Environment to continue.
# Native memory allocation (mmap) failed to map 32505856 bytes for Failed to commit area from 0x0000000089800000 to 0x000000008b700000 of length 32505856.
# Possible reasons:
#   The system is out of physical RAM or swap space
#   The process is running with CompressedOops enabled, and the Java Heap may be blocking the growth of the native heap
# Possible solutions:
#   Reduce memory load on the system
#   Increase physical memory or swap space
#   Check if swap backing store is full
#   Decrease Java heap size (-Xmx/-Xms)
#   Decrease number of Java threads
#   Decrease Java thread stack sizes (-Xss)
#   Set larger code cache with -XX:ReservedCodeCacheSize=
#   JVM is running with Unscaled Compressed Oops mode in which the Java heap is
#     placed in the first 4GB address space. The Java Heap base address is the
#     maximum limit for the native heap growth. Please use -XX:HeapBaseMinAddress
#     to set the Java Heap base and to place the Java Heap above 4GB virtual address.
# This output file may be truncated or incomplete.
#
#  Out of Memory Error (./src/hotspot/os/windows/os_windows.cpp:3521), pid=29180, tid=22108
#
# JRE version: OpenJDK Runtime Environment (11.0.12+7) (build 11.0.12+7-b1504.28-7817840)
# Java VM: OpenJDK 64-Bit Server VM (11.0.12+7-b1504.28-7817840, mixed mode, tiered, compressed oops, g1 gc, windows-amd64)
# No core dump will be written. Minidumps are not enabled by default on client versions of Windows
#

---------------  S U M M A R Y ------------

Command Line: --add-opens=java.base/java.util=ALL-UNNAMED --add-opens=java.base/java.lang=ALL-UNNAMED --add-opens=java.base/java.lang.invoke=ALL-UNNAMED --add-opens=java.base/java.util=ALL-UNNAMED --add-opens=java.prefs/java.util.prefs=ALL-UNNAMED --add-opens=java.prefs/java.util.prefs=ALL-UNNAMED --add-opens=java.base/java.nio.charset=ALL-UNNAMED --add-opens=java.base/java.net=ALL-UNNAMED --add-opens=java.base/java.util.concurrent.atomic=ALL-UNNAMED -Xmx2048m -Dfile.encoding=UTF-8 -Duser.country=US -Duser.language=en -Duser.variant org.gradle.launcher.daemon.bootstrap.GradleDaemon 7.3.3

Host: Intel(R) Core(TM) i7-8565U CPU @ 1.80GHz, 8 cores, 7G,  Windows 10 , 64 bit Build 22621 (10.0.22621.1105)
Time: Sat Jan 28 18:23:06 2023 Pacific Standard Time elapsed time: 24.954593 seconds (0d 0h 0m 24s)

---------------  T H R E A D  ---------------

Current thread (0x000002147991e000):  VMThread "VM Thread" [stack: 0x000000a90d900000,0x000000a90da00000] [id=22108]

Stack: [0x000000a90d900000,0x000000a90da00000]
[error occurred during error reporting (printing stack bounds), id 0xc0000005, EXCEPTION_ACCESS_VIOLATION (0xc0000005) at pc=0x000002140000112d]

Native frames: (J=compiled Java code, j=interpreted, Vv=VM code, C=native code)
V  [jvm.dll+0x5fbcea]
V  [jvm.dll+0x731905]
V  [jvm.dll+0x732f1d]
V  [jvm.dll+0x733535]
V  [jvm.dll+0x7334eb]
V  [jvm.dll+0x5fb080]
V  [jvm.dll+0x5fb818]
C  [ntdll.dll+0xa3eaf]
C  [ntdll.dll+0x1eae6]
C  [ntdll.dll+0xa2e9e]
C  0x000002140000112d

VM_Operation (0x000000a9165fdb30): G1CollectForAllocation, mode: safepoint, requested by thread 0x000002140f8ac800


---------------  P R O C E S S  ---------------

Threads class SMR info:
_java_thread_list=0x0000021411d12160, length=140, elements={
0x000002146c1fc000, 0x0000021479920800, 0x000002147992a000, 0x0000021479938800,
0x0000021479939800, 0x000002147993a800, 0x0000021479940000, 0x0000021479941800,
0x0000021479944800, 0x000002147a3f0000, 0x000002147b678800, 0x000002147b1f7800,
0x000002147c700800, 0x000002147c701000, 0x000002147b52c800, 0x000002147bb63800,
0x000002147bc20000, 0x000002147bc21800, 0x000002147bc21000, 0x000002147bc22800,
0x000002147bc23800, 0x000002147bc1f800, 0x000002147bc24000, 0x000002147bc25000,
0x000002147bc26000, 0x000002147cf5e800, 0x000002147cf5c000, 0x000002147cf5d800,
0x000002147cf5f800, 0x000002147cf5d000, 0x000002147cf61000, 0x000002147cf5b800,
0x000002147cf64000, 0x000002147cf63800, 0x000002147cf62000, 0x000002147cf65000,
0x000002147cf66800, 0x000002147cf68800, 0x000002147cf67800, 0x000002147cf69000,
0x000002147cf6a000, 0x000002147c388000, 0x000002147c38f000, 0x000002147c38d000,
0x000002147c38b800, 0x000002147c38e000, 0x000002147c389000, 0x000002147c38a000,
0x000002147c38f800, 0x000002147c390800, 0x000002147c38a800, 0x000002147c392000,
0x000002147c391000, 0x000002147c38c800, 0x000002147c395800, 0x000002147c393000,
0x000002147c393800, 0x000002147c394800, 0x000002147c396000, 0x000002147c397000,
0x000002147e938800, 0x000002147e939800, 0x000002147e936800, 0x000002147e93d000,
0x000002147e93b000, 0x000002147e937000, 0x000002147e93d800, 0x000002147e93a800,
0x000002147e93c000, 0x000002147e938000, 0x000002147e941800, 0x000002147e943800,
0x000002147e944000, 0x000002147e942800, 0x000002147e93e800, 0x000002147e945000,
0x000002147e93f800, 0x000002147e941000, 0x000002147e940000, 0x000002147ca7d000,
0x000002147ca7f800, 0x000002147ca81000, 0x000002147ca7d800, 0x000002147ca80000,
0x000002147ca7b800, 0x000002147ca7e800, 0x000002147ca82000, 0x000002147ca7c000,
0x000002147ca83800, 0x000002147ca84000, 0x000002147ca87800, 0x000002147ca86000,
0x000002147ca86800, 0x000002147ca88800, 0x000002147ca85000, 0x000002147ca82800,
0x000002147ca89000, 0x000002147ca8a000, 0x000002147ce1f800, 0x000002147ce21000,
0x000002147ce1b800, 0x000002147ce1e000, 0x000002147ce20800, 0x000002147ce1e800,
0x000002147ce22000, 0x000002147ce1c000, 0x000002147ce23000, 0x000002147ce1d000,
0x000002147ce28800, 0x000002147ce25000, 0x000002147ce26000, 0x000002147ce29800,
0x000002147ce23800, 0x000002147ce2a000, 0x000002147ce27000, 0x000002147ce24800,
0x000002147ce27800, 0x000002140f8a0000, 0x000002140f8a2000, 0x000002140f8a4800,
0x000002140f89e800, 0x000002140f8a2800, 0x000002140f89f800, 0x000002140f8a1000,
0x000002140f8a7800, 0x000002140f8a9000, 0x000002140f8a6000, 0x000002140f8a6800,
0x000002140f8a8800, 0x000002140f8a3800, 0x000002140f8ab000, 0x000002140f8ac800,
0x000002140f8ad000, 0x000002140f8aa000, 0x000002140f8ab800, 0x000002141291a000,
0x000002141291a800, 0x000002141291b800, 0x0000021412917800, 0x000002141291c800
}

Java Threads: ( => current thread )
  0x000002146c1fc000 JavaThread "main" [_thread_blocked, id=23312, stack(0x000000a90d300000,0x000000a90d400000)]
  0x0000021479920800 JavaThread "Reference Handler" daemon [_thread_blocked, id=4492, stack(0x000000a90da00000,0x000000a90db00000)]
  0x000002147992a000 JavaThread "Finalizer" daemon [_thread_blocked, id=2392, stack(0x000000a90db00000,0x000000a90dc00000)]
  0x0000021479938800 JavaThread "Signal Dispatcher" daemon [_thread_blocked, id=15664, stack(0x000000a90dc00000,0x000000a90dd00000)]
  0x0000021479939800 JavaThread "Attach Listener" daemon [_thread_blocked, id=29440, stack(0x000000a90dd00000,0x000000a90de00000)]
  0x000002147993a800 JavaThread "Service Thread" daemon [_thread_blocked, id=25144, stack(0x000000a90de00000,0x000000a90df00000)]
  0x0000021479940000 JavaThread "C2 CompilerThread0" daemon [_thread_blocked, id=17788, stack(0x000000a90df00000,0x000000a90e000000)]
  0x0000021479941800 JavaThread "C1 CompilerThread0" daemon [_thread_blocked, id=24828, stack(0x000000a90e000000,0x000000a90e100000)]
  0x0000021479944800 JavaThread "Sweeper thread" daemon [_thread_blocked, id=29552, stack(0x000000a90e100000,0x000000a90e200000)]
  0x000002147a3f0000 JavaThread "Common-Cleaner" daemon [_thread_blocked, id=16348, stack(0x000000a90e200000,0x000000a90e300000)]
  0x000002147b678800 JavaThread "Daemon health stats" [_thread_blocked, id=25184, stack(0x000000a90e600000,0x000000a90e700000)]
  0x000002147b1f7800 JavaThread "Incoming local TCP Connector on port 64191" [_thread_in_native, id=12588, stack(0x000000a90e700000,0x000000a90e800000)]
  0x000002147c700800 JavaThread "Daemon periodic checks" [_thread_blocked, id=1372, stack(0x000000a90e800000,0x000000a90e900000)]
  0x000002147c701000 JavaThread "Daemon" [_thread_blocked, id=3388, stack(0x000000a90e900000,0x000000a90ea00000)]
  0x000002147b52c800 JavaThread "Handler for socket connection from /127.0.0.1:64191 to /127.0.0.1:64192" [_thread_in_native, id=9744, stack(0x000000a90ea00000,0x000000a90eb00000)]
  0x000002147bb63800 JavaThread "Cancel handler" [_thread_blocked, id=12260, stack(0x000000a90eb00000,0x000000a90ec00000)]
  0x000002147bc20000 JavaThread "Daemon worker" [_thread_blocked, id=13384, stack(0x000000a90ec00000,0x000000a90ed00000)]
  0x000002147bc21800 JavaThread "Asynchronous log dispatcher for DefaultDaemonConnection: socket connection from /127.0.0.1:64191 to /127.0.0.1:64192" [_thread_blocked, id=19192, stack(0x000000a90ed00000,0x000000a90ee00000)]
  0x000002147bc21000 JavaThread "Stdin handler" [_thread_blocked, id=7136, stack(0x000000a90ee00000,0x000000a90ef00000)]
  0x000002147bc22800 JavaThread "Daemon client event forwarder" [_thread_blocked, id=24628, stack(0x000000a90ef00000,0x000000a90f000000)]
  0x000002147bc23800 JavaThread "Cache worker for journal cache (C:\Users\oneal\.gradle\caches\journal-1)" [_thread_blocked, id=29444, stack(0x000000a90f500000,0x000000a90f600000)]
  0x000002147bc1f800 JavaThread "File lock request listener" [_thread_in_native, id=10584, stack(0x000000a90f600000,0x000000a90f700000)]
  0x000002147bc24000 JavaThread "Cache worker for file hash cache (C:\Users\oneal\.gradle\caches\7.3.3\fileHashes)" [_thread_blocked, id=3192, stack(0x000000a90f700000,0x000000a90f800000)]
  0x000002147bc25000 JavaThread "Cache worker for file hash cache (C:\Users\oneal\StudioProjects\Sentiment-Analysis\.gradle\7.3.3\fileHashes)" [_thread_blocked, id=10064, stack(0x000000a90f900000,0x000000a90fa00000)]
  0x000002147bc26000 JavaThread "File watcher server" daemon [_thread_blocked, id=23468, stack(0x000000a90fa00000,0x000000a90fb00000)]
  0x000002147cf5e800 JavaThread "File watcher consumer" daemon [_thread_blocked, id=13732, stack(0x000000a90fb00000,0x000000a90fc00000)]
  0x000002147cf5c000 JavaThread "Cache worker for checksums cache (C:\Users\oneal\StudioProjects\Sentiment-Analysis\.gradle\7.3.3\checksums)" [_thread_blocked, id=28380, stack(0x000000a90fc00000,0x000000a90fd00000)]
  0x000002147cf5d800 JavaThread "Cache worker for cache directory md-supplier (C:\Users\oneal\.gradle\caches\7.3.3\md-supplier)" [_thread_blocked, id=29512, stack(0x000000a90fd00000,0x000000a90fe00000)]
  0x000002147cf5f800 JavaThread "Cache worker for cache directory md-rule (C:\Users\oneal\.gradle\caches\7.3.3\md-rule)" [_thread_blocked, id=12328, stack(0x000000a90fe00000,0x000000a90ff00000)]
  0x000002147cf5d000 JavaThread "Cache worker for execution history cache (C:\Users\oneal\.gradle\caches\7.3.3\executionHistory)" [_thread_blocked, id=11564, stack(0x000000a90ff00000,0x000000a910000000)]
  0x000002147cf61000 JavaThread "jar transforms" [_thread_blocked, id=27000, stack(0x000000a910000000,0x000000a910100000)]
  0x000002147cf5b800 JavaThread "Cache worker for file content cache (C:\Users\oneal\.gradle\caches\7.3.3\fileContent)" [_thread_blocked, id=8508, stack(0x000000a910100000,0x000000a910200000)]
  0x000002147cf64000 JavaThread "jar transforms Thread 2" [_thread_blocked, id=2656, stack(0x000000a910200000,0x000000a910300000)]
  0x000002147cf63800 JavaThread "Cache worker for dependencies-accessors (C:\Users\oneal\StudioProjects\Sentiment-Analysis\.gradle\7.3.3\dependencies-accessors)" [_thread_blocked, id=3484, stack(0x000000a910300000,0x000000a910400000)]
  0x000002147cf62000 JavaThread "jar transforms Thread 3" [_thread_blocked, id=27776, stack(0x000000a910400000,0x000000a910500000)]
  0x000002147cf65000 JavaThread "Cache worker for Build Output Cleanup Cache (C:\Users\oneal\StudioProjects\Sentiment-Analysis\.gradle\buildOutputCleanup)" [_thread_blocked, id=10900, stack(0x000000a910500000,0x000000a910600000)]
  0x000002147cf66800 JavaThread "Unconstrained build operations" [_thread_blocked, id=2196, stack(0x000000a910600000,0x000000a910700000)]
  0x000002147cf68800 JavaThread "Unconstrained build operations Thread 2" [_thread_blocked, id=16784, stack(0x000000a910700000,0x000000a910800000)]
  0x000002147cf67800 JavaThread "Unconstrained build operations Thread 3" [_thread_blocked, id=29260, stack(0x000000a910800000,0x000000a910900000)]
  0x000002147cf69000 JavaThread "Unconstrained build operations Thread 4" [_thread_blocked, id=17080, stack(0x000000a910900000,0x000000a910a00000)]
  0x000002147cf6a000 JavaThread "Unconstrained build operations Thread 5" [_thread_blocked, id=16400, stack(0x000000a910a00000,0x000000a910b00000)]
  0x000002147c388000 JavaThread "Unconstrained build operations Thread 6" [_thread_blocked, id=26780, stack(0x000000a910b00000,0x000000a910c00000)]
  0x000002147c38f000 JavaThread "Unconstrained build operations Thread 7" [_thread_blocked, id=1956, stack(0x000000a910c00000,0x000000a910d00000)]
  0x000002147c38d000 JavaThread "Unconstrained build operations Thread 8" [_thread_blocked, id=23572, stack(0x000000a910d00000,0x000000a910e00000)]
  0x000002147c38b800 JavaThread "Unconstrained build operations Thread 9" [_thread_blocked, id=29384, stack(0x000000a910e00000,0x000000a910f00000)]
  0x000002147c38e000 JavaThread "Unconstrained build operations Thread 10" [_thread_blocked, id=20356, stack(0x000000a910f00000,0x000000a911000000)]
  0x000002147c389000 JavaThread "Unconstrained build operations Thread 11" [_thread_blocked, id=11400, stack(0x000000a911000000,0x000000a911100000)]
  0x000002147c38a000 JavaThread "Unconstrained build operations Thread 12" [_thread_blocked, id=14924, stack(0x000000a911100000,0x000000a911200000)]
  0x000002147c38f800 JavaThread "Unconstrained build operations Thread 13" [_thread_blocked, id=13912, stack(0x000000a911200000,0x000000a911300000)]
  0x000002147c390800 JavaThread "Unconstrained build operations Thread 14" [_thread_blocked, id=28472, stack(0x000000a911300000,0x000000a911400000)]
  0x000002147c38a800 JavaThread "Unconstrained build operations Thread 15" [_thread_blocked, id=6036, stack(0x000000a911400000,0x000000a911500000)]
  0x000002147c392000 JavaThread "Unconstrained build operations Thread 16" [_thread_blocked, id=22944, stack(0x000000a911500000,0x000000a911600000)]
  0x000002147c391000 JavaThread "Unconstrained build operations Thread 17" [_thread_blocked, id=29156, stack(0x000000a911600000,0x000000a911700000)]
  0x000002147c38c800 JavaThread "Unconstrained build operations Thread 18" [_thread_blocked, id=3936, stack(0x000000a911700000,0x000000a911800000)]
  0x000002147c395800 JavaThread "Unconstrained build operations Thread 19" [_thread_blocked, id=7568, stack(0x000000a911800000,0x000000a911900000)]
  0x000002147c393000 JavaThread "Unconstrained build operations Thread 20" [_thread_blocked, id=24772, stack(0x000000a911900000,0x000000a911a00000)]
  0x000002147c393800 JavaThread "Unconstrained build operations Thread 21" [_thread_blocked, id=5996, stack(0x000000a911a00000,0x000000a911b00000)]
  0x000002147c394800 JavaThread "Unconstrained build operations Thread 22" [_thread_blocked, id=28056, stack(0x000000a911b00000,0x000000a911c00000)]
  0x000002147c396000 JavaThread "Unconstrained build operations Thread 23" [_thread_blocked, id=16816, stack(0x000000a911c00000,0x000000a911d00000)]
  0x000002147c397000 JavaThread "Unconstrained build operations Thread 24" [_thread_blocked, id=28640, stack(0x000000a911d00000,0x000000a911e00000)]
  0x000002147e938800 JavaThread "Unconstrained build operations Thread 25" [_thread_blocked, id=26480, stack(0x000000a911e00000,0x000000a911f00000)]
  0x000002147e939800 JavaThread "Unconstrained build operations Thread 26" [_thread_blocked, id=24872, stack(0x000000a911f00000,0x000000a912000000)]
  0x000002147e936800 JavaThread "Unconstrained build operations Thread 27" [_thread_blocked, id=27852, stack(0x000000a912000000,0x000000a912100000)]
  0x000002147e93d000 JavaThread "Unconstrained build operations Thread 28" [_thread_blocked, id=6108, stack(0x000000a912100000,0x000000a912200000)]
  0x000002147e93b000 JavaThread "Unconstrained build operations Thread 29" [_thread_blocked, id=28620, stack(0x000000a912200000,0x000000a912300000)]
  0x000002147e937000 JavaThread "Unconstrained build operations Thread 30" [_thread_blocked, id=14912, stack(0x000000a912300000,0x000000a912400000)]
  0x000002147e93d800 JavaThread "Unconstrained build operations Thread 31" [_thread_blocked, id=24584, stack(0x000000a912400000,0x000000a912500000)]
  0x000002147e93a800 JavaThread "Unconstrained build operations Thread 32" [_thread_blocked, id=29664, stack(0x000000a912500000,0x000000a912600000)]
  0x000002147e93c000 JavaThread "Unconstrained build operations Thread 33" [_thread_blocked, id=28856, stack(0x000000a912600000,0x000000a912700000)]
  0x000002147e938000 JavaThread "Unconstrained build operations Thread 34" [_thread_blocked, id=22084, stack(0x000000a912700000,0x000000a912800000)]
  0x000002147e941800 JavaThread "Unconstrained build operations Thread 35" [_thread_blocked, id=29100, stack(0x000000a912800000,0x000000a912900000)]
  0x000002147e943800 JavaThread "Unconstrained build operations Thread 36" [_thread_blocked, id=28676, stack(0x000000a912900000,0x000000a912a00000)]
  0x000002147e944000 JavaThread "Unconstrained build operations Thread 37" [_thread_blocked, id=20944, stack(0x000000a912a00000,0x000000a912b00000)]
  0x000002147e942800 JavaThread "Unconstrained build operations Thread 38" [_thread_blocked, id=6936, stack(0x000000a912b00000,0x000000a912c00000)]
  0x000002147e93e800 JavaThread "Unconstrained build operations Thread 39" [_thread_blocked, id=28240, stack(0x000000a912c00000,0x000000a912d00000)]
  0x000002147e945000 JavaThread "Unconstrained build operations Thread 40" [_thread_blocked, id=12264, stack(0x000000a912d00000,0x000000a912e00000)]
  0x000002147e93f800 JavaThread "Unconstrained build operations Thread 41" [_thread_blocked, id=28504, stack(0x000000a912e00000,0x000000a912f00000)]
  0x000002147e941000 JavaThread "Unconstrained build operations Thread 42" [_thread_blocked, id=12768, stack(0x000000a912f00000,0x000000a913000000)]
  0x000002147e940000 JavaThread "Unconstrained build operations Thread 43" [_thread_blocked, id=13480, stack(0x000000a913000000,0x000000a913100000)]
  0x000002147ca7d000 JavaThread "Unconstrained build operations Thread 44" [_thread_blocked, id=3056, stack(0x000000a913100000,0x000000a913200000)]
  0x000002147ca7f800 JavaThread "Unconstrained build operations Thread 45" [_thread_blocked, id=13692, stack(0x000000a913200000,0x000000a913300000)]
  0x000002147ca81000 JavaThread "Unconstrained build operations Thread 46" [_thread_blocked, id=23048, stack(0x000000a913300000,0x000000a913400000)]
  0x000002147ca7d800 JavaThread "Unconstrained build operations Thread 47" [_thread_blocked, id=16692, stack(0x000000a913400000,0x000000a913500000)]
  0x000002147ca80000 JavaThread "Unconstrained build operations Thread 48" [_thread_blocked, id=14012, stack(0x000000a913500000,0x000000a913600000)]
  0x000002147ca7b800 JavaThread "Unconstrained build operations Thread 49" [_thread_blocked, id=23448, stack(0x000000a913600000,0x000000a913700000)]
  0x000002147ca7e800 JavaThread "Unconstrained build operations Thread 50" [_thread_blocked, id=10612, stack(0x000000a913700000,0x000000a913800000)]
  0x000002147ca82000 JavaThread "Unconstrained build operations Thread 51" [_thread_blocked, id=296, stack(0x000000a913800000,0x000000a913900000)]
  0x000002147ca7c000 JavaThread "Unconstrained build operations Thread 52" [_thread_blocked, id=2508, stack(0x000000a913900000,0x000000a913a00000)]
  0x000002147ca83800 JavaThread "Unconstrained build operations Thread 53" [_thread_blocked, id=7692, stack(0x000000a913a00000,0x000000a913b00000)]
  0x000002147ca84000 JavaThread "Unconstrained build operations Thread 54" [_thread_blocked, id=28436, stack(0x000000a913b00000,0x000000a913c00000)]
  0x000002147ca87800 JavaThread "Unconstrained build operations Thread 55" [_thread_blocked, id=27672, stack(0x000000a913c00000,0x000000a913d00000)]
  0x000002147ca86000 JavaThread "Unconstrained build operations Thread 56" [_thread_blocked, id=11972, stack(0x000000a913d00000,0x000000a913e00000)]
  0x000002147ca86800 JavaThread "Unconstrained build operations Thread 57" [_thread_blocked, id=25544, stack(0x000000a913e00000,0x000000a913f00000)]
  0x000002147ca88800 JavaThread "Unconstrained build operations Thread 58" [_thread_blocked, id=24608, stack(0x000000a913f00000,0x000000a914000000)]
  0x000002147ca85000 JavaThread "Unconstrained build operations Thread 59" [_thread_blocked, id=10516, stack(0x000000a914000000,0x000000a914100000)]
  0x000002147ca82800 JavaThread "Unconstrained build operations Thread 60" [_thread_blocked, id=25936, stack(0x000000a914100000,0x000000a914200000)]
  0x000002147ca89000 JavaThread "Unconstrained build operations Thread 61" [_thread_blocked, id=28120, stack(0x000000a914200000,0x000000a914300000)]
  0x000002147ca8a000 JavaThread "Unconstrained build operations Thread 62" [_thread_blocked, id=5560, stack(0x000000a914300000,0x000000a914400000)]
  0x000002147ce1f800 JavaThread "Unconstrained build operations Thread 63" [_thread_blocked, id=24568, stack(0x000000a914400000,0x000000a914500000)]
  0x000002147ce21000 JavaThread "Unconstrained build operations Thread 64" [_thread_blocked, id=25860, stack(0x000000a914500000,0x000000a914600000)]
  0x000002147ce1b800 JavaThread "Unconstrained build operations Thread 65" [_thread_blocked, id=28160, stack(0x000000a914600000,0x000000a914700000)]
  0x000002147ce1e000 JavaThread "Unconstrained build operations Thread 66" [_thread_blocked, id=26696, stack(0x000000a914700000,0x000000a914800000)]
  0x000002147ce20800 JavaThread "Unconstrained build operations Thread 67" [_thread_blocked, id=18944, stack(0x000000a914800000,0x000000a914900000)]
  0x000002147ce1e800 JavaThread "Unconstrained build operations Thread 68" [_thread_blocked, id=21848, stack(0x000000a914900000,0x000000a914a00000)]
  0x000002147ce22000 JavaThread "Unconstrained build operations Thread 69" [_thread_blocked, id=26764, stack(0x000000a914a00000,0x000000a914b00000)]
  0x000002147ce1c000 JavaThread "Unconstrained build operations Thread 70" [_thread_blocked, id=26984, stack(0x000000a914b00000,0x000000a914c00000)]
  0x000002147ce23000 JavaThread "Unconstrained build operations Thread 71" [_thread_blocked, id=9300, stack(0x000000a914c00000,0x000000a914d00000)]
  0x000002147ce1d000 JavaThread "Unconstrained build operations Thread 72" [_thread_blocked, id=27060, stack(0x000000a914d00000,0x000000a914e00000)]
  0x000002147ce28800 JavaThread "Unconstrained build operations Thread 73" [_thread_blocked, id=23372, stack(0x000000a914e00000,0x000000a914f00000)]
  0x000002147ce25000 JavaThread "Unconstrained build operations Thread 74" [_thread_blocked, id=28476, stack(0x000000a914f00000,0x000000a915000000)]
  0x000002147ce26000 JavaThread "Unconstrained build operations Thread 75" [_thread_blocked, id=2672, stack(0x000000a915000000,0x000000a915100000)]
  0x000002147ce29800 JavaThread "Unconstrained build operations Thread 76" [_thread_blocked, id=11408, stack(0x000000a915100000,0x000000a915200000)]
  0x000002147ce23800 JavaThread "Unconstrained build operations Thread 77" [_thread_blocked, id=28468, stack(0x000000a915200000,0x000000a915300000)]
  0x000002147ce2a000 JavaThread "Unconstrained build operations Thread 78" [_thread_blocked, id=24196, stack(0x000000a915300000,0x000000a915400000)]
  0x000002147ce27000 JavaThread "Unconstrained build operations Thread 79" [_thread_blocked, id=16756, stack(0x000000a915400000,0x000000a915500000)]
  0x000002147ce24800 JavaThread "Unconstrained build operations Thread 80" [_thread_blocked, id=25864, stack(0x000000a915500000,0x000000a915600000)]
  0x000002147ce27800 JavaThread "jar transforms Thread 4" [_thread_blocked, id=12132, stack(0x000000a915600000,0x000000a915700000)]
  0x000002140f8a0000 JavaThread "jar transforms Thread 5" [_thread_blocked, id=27960, stack(0x000000a915700000,0x000000a915800000)]
  0x000002140f8a2000 JavaThread "jar transforms Thread 6" [_thread_blocked, id=26136, stack(0x000000a915800000,0x000000a915900000)]
  0x000002140f8a4800 JavaThread "jar transforms Thread 7" [_thread_blocked, id=23728, stack(0x000000a915900000,0x000000a915a00000)]
  0x000002140f89e800 JavaThread "jar transforms Thread 8" [_thread_blocked, id=9536, stack(0x000000a915a00000,0x000000a915b00000)]
  0x000002140f8a2800 JavaThread "Memory manager" [_thread_blocked, id=18112, stack(0x000000a915b00000,0x000000a915c00000)]
  0x000002140f89f800 JavaThread "build event listener" [_thread_blocked, id=21708, stack(0x000000a915c00000,0x000000a915d00000)]
  0x000002140f8a1000 JavaThread "Execution worker for ':'" [_thread_blocked, id=23428, stack(0x000000a915d00000,0x000000a915e00000)]
  0x000002140f8a7800 JavaThread "Execution worker for ':' Thread 2" [_thread_blocked, id=712, stack(0x000000a915e00000,0x000000a915f00000)]
  0x000002140f8a9000 JavaThread "Execution worker for ':' Thread 3" [_thread_blocked, id=28944, stack(0x000000a915f00000,0x000000a916000000)]
  0x000002140f8a6000 JavaThread "Execution worker for ':' Thread 4" [_thread_blocked, id=22848, stack(0x000000a916000000,0x000000a916100000)]
  0x000002140f8a6800 JavaThread "Execution worker for ':' Thread 5" [_thread_blocked, id=14528, stack(0x000000a916100000,0x000000a916200000)]
  0x000002140f8a8800 JavaThread "Execution worker for ':' Thread 6" [_thread_blocked, id=28836, stack(0x000000a916200000,0x000000a916300000)]
  0x000002140f8a3800 JavaThread "Execution worker for ':' Thread 7" [_thread_blocked, id=19672, stack(0x000000a916300000,0x000000a916400000)]
  0x000002140f8ab000 JavaThread "Cache worker for execution history cache (C:\Users\oneal\StudioProjects\Sentiment-Analysis\.gradle\7.3.3\executionHistory)" [_thread_blocked, id=28340, stack(0x000000a916400000,0x000000a916500000)]
  0x000002140f8ac800 JavaThread "Cache worker for Java compile cache (C:\Users\oneal\.gradle\caches\7.3.3\javaCompile)" [_thread_blocked, id=25592, stack(0x000000a916500000,0x000000a916600000)]
  0x000002140f8ad000 JavaThread "Build operations" [_thread_blocked, id=11436, stack(0x000000a916600000,0x000000a916700000)]
  0x000002140f8aa000 JavaThread "Build operations Thread 2" [_thread_blocked, id=24908, stack(0x000000a916700000,0x000000a916800000)]
  0x000002140f8ab800 JavaThread "Build operations Thread 3" [_thread_blocked, id=5960, stack(0x000000a916800000,0x000000a916900000)]
  0x000002141291a000 JavaThread "Build operations Thread 4" [_thread_blocked, id=7736, stack(0x000000a916900000,0x000000a916a00000)]
  0x000002141291a800 JavaThread "Build operations Thread 5" [_thread_blocked, id=26156, stack(0x000000a916a00000,0x000000a916b00000)]
  0x000002141291b800 JavaThread "Build operations Thread 6" [_thread_blocked, id=6844, stack(0x000000a916b00000,0x000000a916c00000)]
  0x0000021412917800 JavaThread "Build operations Thread 7" [_thread_blocked, id=9996, stack(0x000000a916c00000,0x000000a916d00000)]
  0x000002141291c800 JavaThread "Build operations Thread 8" [_thread_blocked, id=2228, stack(0x000000a916d00000,0x000000a916e00000)]

Other Threads:
=>0x000002147991e000 VMThread "VM Thread" [stack: 0x000000a90d900000,0x000000a90da00000] [id=22108]
  0x000002147a405800 WatcherThread [stack: 0x000000a90e300000,0x000000a90e400000] [id=28756]
  0x000002146e4a3800 GCTaskThread "GC Thread#0" [stack: 0x000000a90d400000,0x000000a90d500000] [id=24932]
  0x000002147ac74800 GCTaskThread "GC Thread#1" [stack: 0x000000a90e400000,0x000000a90e500000] [id=24556]
  0x000002147abe8000 GCTaskThread "GC Thread#2" [stack: 0x000000a90e500000,0x000000a90e600000] [id=26464]
  0x000002147bdac800 GCTaskThread "GC Thread#3" [stack: 0x000000a90f000000,0x000000a90f100000] [id=16624]
  0x000002147bdad000 GCTaskThread "GC Thread#4" [stack: 0x000000a90f100000,0x000000a90f200000] [id=8216]
  0x000002147bdad800 GCTaskThread "GC Thread#5" [stack: 0x000000a90f200000,0x000000a90f300000] [id=11156]
  0x000002147bdc9000 GCTaskThread "GC Thread#6" [stack: 0x000000a90f300000,0x000000a90f400000] [id=6316]
  0x000002147bdcd800 GCTaskThread "GC Thread#7" [stack: 0x000000a90f400000,0x000000a90f500000] [id=26888]
  0x000002146e4d4000 ConcurrentGCThread "G1 Main Marker" [stack: 0x000000a90d500000,0x000000a90d600000] [id=3724]
  0x000002146e4d5800 ConcurrentGCThread "G1 Conc#0" [stack: 0x000000a90d600000,0x000000a90d700000] [id=19908]
  0x000002147c16c800 ConcurrentGCThread "G1 Conc#1" [stack: 0x000000a90f800000,0x000000a90f900000] [id=12656]
  0x000002146e55e000 ConcurrentGCThread "G1 Refine#0" [stack: 0x000000a90d700000,0x000000a90d800000] [id=27140]
  0x000002147976c800 ConcurrentGCThread "G1 Young RemSet Sampling" [stack: 0x000000a90d800000,0x000000a90d900000] [id=13212]

Threads with active compile tasks:
C2 CompilerThread0  24983 10301       4       com.google.common.collect.HashBiMap::rehashIfNecessary (87 bytes)

VM state:at safepoint (normal execution)

VM Mutex/Monitor currently owned by a thread:  ([mutex/lock_event])
[0x000002146e480be0] Threads_lock - owner thread: 0x000002147991e000
[0x000002146c1fa0c0] Heap_lock - owner thread: 0x000002140f8ac800

Heap address: 0x0000000080000000, size: 2048 MB, Compressed Oops mode: 32-bit
Narrow klass base: 0x0000000000000000, Narrow klass shift: 3
Compressed class space size: 1073741824 Address: 0x0000000100000000

Heap:
 garbage-first heap   total 187392K, used 88063K [0x0000000080000000, 0x0000000100000000)
  region size 1024K, 7 young (7168K), 7 survivors (7168K)
 Metaspace       used 84909K, capacity 87406K, committed 87560K, reserved 1124352K
  class space    used 11120K, capacity 12029K, committed 12112K, reserved 1048576K
Heap Regions: E=young(eden), S=young(survivor), O=old, HS=humongous(starts), HC=humongous(continues), CS=collection set, F=free, A=archive, TAMS=top-at-mark-start (previous, next)
|   0|0x0000000080000000, 0x0000000080100000, 0x0000000080100000|100%| O|  |TAMS 0x0000000080100000, 0x0000000080100000| Untracked 
|   1|0x0000000080100000, 0x0000000080200000, 0x0000000080200000|100%| O|  |TAMS 0x0000000080200000, 0x0000000080200000| Untracked 
|   2|0x0000000080200000, 0x0000000080300000, 0x0000000080300000|100%| O|  |TAMS 0x0000000080300000, 0x0000000080300000| Untracked 
|   3|0x0000000080300000, 0x0000000080400000, 0x0000000080400000|100%|HS|  |TAMS 0x0000000080400000, 0x0000000080400000| Complete 
|   4|0x0000000080400000, 0x0000000080500000, 0x0000000080500000|100%|HC|  |TAMS 0x0000000080500000, 0x0000000080500000| Complete 
|   5|0x0000000080500000, 0x0000000080600000, 0x0000000080600000|100%|HC|  |TAMS 0x0000000080600000, 0x0000000080600000| Complete 
|   6|0x0000000080600000, 0x0000000080700000, 0x0000000080700000|100%| O|  |TAMS 0x0000000080700000, 0x0000000080700000| Untracked 
|   7|0x0000000080700000, 0x0000000080800000, 0x0000000080800000|100%| O|  |TAMS 0x0000000080800000, 0x0000000080800000| Untracked 
|   8|0x0000000080800000, 0x0000000080900000, 0x0000000080900000|100%| O|  |TAMS 0x0000000080900000, 0x0000000080900000| Untracked 
|   9|0x0000000080900000, 0x0000000080a00000, 0x0000000080a00000|100%| O|  |TAMS 0x0000000080a00000, 0x0000000080a00000| Untracked 
|  10|0x0000000080a00000, 0x0000000080b00000, 0x0000000080b00000|100%| O|  |TAMS 0x0000000080b00000, 0x0000000080b00000| Untracked 
|  11|0x0000000080b00000, 0x0000000080c00000, 0x0000000080c00000|100%| O|  |TAMS 0x0000000080c00000, 0x0000000080c00000| Untracked 
|  12|0x0000000080c00000, 0x0000000080d00000, 0x0000000080d00000|100%| O|  |TAMS 0x0000000080d00000, 0x0000000080d00000| Untracked 
|  13|0x0000000080d00000, 0x0000000080e00000, 0x0000000080e00000|100%| O|  |TAMS 0x0000000080e00000, 0x0000000080e00000| Untracked 
|  14|0x0000000080e00000, 0x0000000080f00000, 0x0000000080f00000|100%| O|  |TAMS 0x0000000080f00000, 0x0000000080f00000| Untracked 
|  15|0x0000000080f00000, 0x0000000081000000, 0x0000000081000000|100%| O|  |TAMS 0x0000000081000000, 0x0000000081000000| Untracked 
|  16|0x0000000081000000, 0x0000000081100000, 0x0000000081100000|100%| O|  |TAMS 0x0000000081100000, 0x0000000081100000| Untracked 
|  17|0x0000000081100000, 0x0000000081200000, 0x0000000081200000|100%| O|  |TAMS 0x0000000081200000, 0x0000000081200000| Untracked 
|  18|0x0000000081200000, 0x0000000081300000, 0x0000000081300000|100%| O|  |TAMS 0x0000000081300000, 0x0000000081300000| Untracked 
|  19|0x0000000081300000, 0x0000000081400000, 0x0000000081400000|100%| O|  |TAMS 0x0000000081400000, 0x0000000081400000| Untracked 
|  20|0x0000000081400000, 0x0000000081500000, 0x0000000081500000|100%| O|  |TAMS 0x0000000081500000, 0x0000000081500000| Untracked 
|  21|0x0000000081500000, 0x0000000081600000, 0x0000000081600000|100%| O|  |TAMS 0x0000000081600000, 0x0000000081600000| Untracked 
|  22|0x0000000081600000, 0x0000000081700000, 0x0000000081700000|100%| O|  |TAMS 0x0000000081700000, 0x0000000081700000| Untracked 
|  23|0x0000000081700000, 0x0000000081800000, 0x0000000081800000|100%| O|  |TAMS 0x0000000081800000, 0x0000000081800000| Untracked 
|  24|0x0000000081800000, 0x0000000081900000, 0x0000000081900000|100%| O|  |TAMS 0x0000000081900000, 0x0000000081900000| Untracked 
|  25|0x0000000081900000, 0x0000000081a00000, 0x0000000081a00000|100%| O|  |TAMS 0x0000000081a00000, 0x0000000081a00000| Untracked 
|  26|0x0000000081a00000, 0x0000000081b00000, 0x0000000081b00000|100%| O|  |TAMS 0x0000000081b00000, 0x0000000081b00000| Untracked 
|  27|0x0000000081b00000, 0x0000000081c00000, 0x0000000081c00000|100%|HS|  |TAMS 0x0000000081c00000, 0x0000000081c00000| Complete 
|  28|0x0000000081c00000, 0x0000000081d00000, 0x0000000081d00000|100%|HS|  |TAMS 0x0000000081d00000, 0x0000000081d00000| Complete 
|  29|0x0000000081d00000, 0x0000000081e00000, 0x0000000081e00000|100%|HS|  |TAMS 0x0000000081e00000, 0x0000000081e00000| Complete 
|  30|0x0000000081e00000, 0x0000000081f00000, 0x0000000081f00000|100%|HC|  |TAMS 0x0000000081f00000, 0x0000000081f00000| Complete 
|  31|0x0000000081f00000, 0x0000000082000000, 0x0000000082000000|100%| O|  |TAMS 0x0000000082000000, 0x0000000082000000| Untracked 
|  32|0x0000000082000000, 0x0000000082100000, 0x0000000082100000|100%| O|  |TAMS 0x0000000082100000, 0x0000000082100000| Untracked 
|  33|0x0000000082100000, 0x0000000082200000, 0x0000000082200000|100%| O|  |TAMS 0x0000000082200000, 0x0000000082200000| Untracked 
|  34|0x0000000082200000, 0x0000000082300000, 0x0000000082300000|100%| O|  |TAMS 0x0000000082300000, 0x0000000082300000| Untracked 
|  35|0x0000000082300000, 0x0000000082400000, 0x0000000082400000|100%| O|  |TAMS 0x0000000082400000, 0x0000000082400000| Untracked 
|  36|0x0000000082400000, 0x0000000082500000, 0x0000000082500000|100%| O|  |TAMS 0x0000000082500000, 0x0000000082500000| Untracked 
|  37|0x0000000082500000, 0x0000000082600000, 0x0000000082600000|100%| O|  |TAMS 0x0000000082600000, 0x0000000082600000| Untracked 
|  38|0x0000000082600000, 0x0000000082700000, 0x0000000082700000|100%| O|  |TAMS 0x0000000082700000, 0x0000000082700000| Untracked 
|  39|0x0000000082700000, 0x0000000082800000, 0x0000000082800000|100%| O|  |TAMS 0x0000000082800000, 0x0000000082800000| Untracked 
|  40|0x0000000082800000, 0x0000000082900000, 0x0000000082900000|100%| O|  |TAMS 0x0000000082900000, 0x0000000082900000| Untracked 
|  41|0x0000000082900000, 0x0000000082a00000, 0x0000000082a00000|100%| O|  |TAMS 0x0000000082a00000, 0x0000000082a00000| Untracked 
|  42|0x0000000082a00000, 0x0000000082b00000, 0x0000000082b00000|100%| O|  |TAMS 0x0000000082b00000, 0x0000000082b00000| Untracked 
|  43|0x0000000082b00000, 0x0000000082c00000, 0x0000000082c00000|100%| O|  |TAMS 0x0000000082c00000, 0x0000000082c00000| Untracked 
|  44|0x0000000082c00000, 0x0000000082d00000, 0x0000000082d00000|100%| O|  |TAMS 0x0000000082d00000, 0x0000000082d00000| Untracked 
|  45|0x0000000082d00000, 0x0000000082e00000, 0x0000000082e00000|100%| O|  |TAMS 0x0000000082e00000, 0x0000000082e00000| Untracked 
|  46|0x0000000082e00000, 0x0000000082f00000, 0x0000000082f00000|100%| O|  |TAMS 0x0000000082f00000, 0x0000000082f00000| Untracked 
|  47|0x0000000082f00000, 0x0000000083000000, 0x0000000083000000|100%| O|  |TAMS 0x0000000083000000, 0x0000000083000000| Untracked 
|  48|0x0000000083000000, 0x0000000083100000, 0x0000000083100000|100%| O|  |TAMS 0x0000000083100000, 0x0000000083100000| Untracked 
|  49|0x0000000083100000, 0x0000000083200000, 0x0000000083200000|100%| O|  |TAMS 0x0000000083200000, 0x0000000083200000| Untracked 
|  50|0x0000000083200000, 0x0000000083300000, 0x0000000083300000|100%| O|  |TAMS 0x0000000083300000, 0x0000000083300000| Untracked 
|  51|0x0000000083300000, 0x0000000083400000, 0x0000000083400000|100%| O|  |TAMS 0x0000000083400000, 0x0000000083400000| Untracked 
|  52|0x0000000083400000, 0x0000000083500000, 0x0000000083500000|100%| O|  |TAMS 0x0000000083500000, 0x0000000083500000| Untracked 
|  53|0x0000000083500000, 0x0000000083600000, 0x0000000083600000|100%| O|  |TAMS 0x0000000083600000, 0x0000000083600000| Untracked 
|  54|0x0000000083600000, 0x0000000083700000, 0x0000000083700000|100%| O|  |TAMS 0x0000000083700000, 0x0000000083700000| Untracked 
|  55|0x0000000083700000, 0x0000000083800000, 0x0000000083800000|100%| O|  |TAMS 0x0000000083800000, 0x0000000083800000| Untracked 
|  56|0x0000000083800000, 0x0000000083900000, 0x0000000083900000|100%| O|  |TAMS 0x0000000083900000, 0x0000000083900000| Untracked 
|  57|0x0000000083900000, 0x0000000083a00000, 0x0000000083a00000|100%| O|  |TAMS 0x0000000083a00000, 0x0000000083a00000| Untracked 
|  58|0x0000000083a00000, 0x0000000083b00000, 0x0000000083b00000|100%| O|  |TAMS 0x0000000083b00000, 0x0000000083b00000| Untracked 
|  59|0x0000000083b00000, 0x0000000083c00000, 0x0000000083c00000|100%| O|  |TAMS 0x0000000083c00000, 0x0000000083c00000| Untracked 
|  60|0x0000000083c00000, 0x0000000083d00000, 0x0000000083d00000|100%| O|  |TAMS 0x0000000083d00000, 0x0000000083d00000| Untracked 
|  61|0x0000000083d00000, 0x0000000083e00000, 0x0000000083e00000|100%| O|  |TAMS 0x0000000083e00000, 0x0000000083e00000| Untracked 
|  62|0x0000000083e00000, 0x0000000083f00000, 0x0000000083f00000|100%| O|  |TAMS 0x0000000083f00000, 0x0000000083f00000| Untracked 
|  63|0x0000000083f00000, 0x0000000084000000, 0x0000000084000000|100%| O|  |TAMS 0x0000000084000000, 0x0000000084000000| Untracked 
|  64|0x0000000084000000, 0x0000000084100000, 0x0000000084100000|100%| O|  |TAMS 0x0000000084100000, 0x0000000084100000| Untracked 
|  65|0x0000000084100000, 0x0000000084200000, 0x0000000084200000|100%| O|  |TAMS 0x0000000084200000, 0x0000000084200000| Untracked 
|  66|0x0000000084200000, 0x0000000084300000, 0x0000000084300000|100%| O|  |TAMS 0x0000000084300000, 0x0000000084300000| Untracked 
|  67|0x0000000084300000, 0x0000000084400000, 0x0000000084400000|100%| O|  |TAMS 0x0000000084400000, 0x0000000084400000| Untracked 
|  68|0x0000000084400000, 0x0000000084500000, 0x0000000084500000|100%| O|  |TAMS 0x0000000084500000, 0x0000000084500000| Untracked 
|  69|0x0000000084500000, 0x0000000084600000, 0x0000000084600000|100%| O|  |TAMS 0x0000000084600000, 0x0000000084600000| Untracked 
|  70|0x0000000084600000, 0x0000000084700000, 0x0000000084700000|100%| O|  |TAMS 0x0000000084700000, 0x0000000084700000| Untracked 
|  71|0x0000000084700000, 0x0000000084800000, 0x0000000084800000|100%| O|  |TAMS 0x0000000084800000, 0x0000000084800000| Untracked 
|  72|0x0000000084800000, 0x0000000084900000, 0x0000000084900000|100%| O|  |TAMS 0x0000000084829c00, 0x0000000084900000| Untracked 
|  73|0x0000000084900000, 0x0000000084a00000, 0x0000000084a00000|100%| O|  |TAMS 0x0000000084900000, 0x0000000084a00000| Untracked 
|  74|0x0000000084a00000, 0x0000000084b00000, 0x0000000084b00000|100%| O|  |TAMS 0x0000000084a00000, 0x0000000084b00000| Untracked 
|  75|0x0000000084b00000, 0x0000000084c00000, 0x0000000084c00000|100%| O|  |TAMS 0x0000000084b00000, 0x0000000084c00000| Untracked 
|  76|0x0000000084c00000, 0x0000000084d00000, 0x0000000084d00000|100%| O|  |TAMS 0x0000000084c00000, 0x0000000084d00000| Untracked 
|  77|0x0000000084d00000, 0x0000000084e00000, 0x0000000084e00000|100%| O|  |TAMS 0x0000000084d00000, 0x0000000084e00000| Untracked 
|  78|0x0000000084e00000, 0x0000000084effe00, 0x0000000084f00000| 99%| O|  |TAMS 0x0000000084e00000, 0x0000000084effe00| Untracked 
|  79|0x0000000084f00000, 0x0000000084f00000, 0x0000000085000000|  0%| F|  |TAMS 0x0000000084f00000, 0x0000000084f00000| Untracked 
|  80|0x0000000085000000, 0x0000000085000000, 0x0000000085100000|  0%| F|  |TAMS 0x0000000085000000, 0x0000000085000000| Untracked 
|  81|0x0000000085100000, 0x0000000085100000, 0x0000000085200000|  0%| F|  |TAMS 0x0000000085100000, 0x0000000085100000| Untracked 
|  82|0x0000000085200000, 0x0000000085200000, 0x0000000085300000|  0%| F|  |TAMS 0x0000000085200000, 0x0000000085200000| Untracked 
|  83|0x0000000085300000, 0x0000000085300000, 0x0000000085400000|  0%| F|  |TAMS 0x0000000085300000, 0x0000000085300000| Untracked 
|  84|0x0000000085400000, 0x0000000085400000, 0x0000000085500000|  0%| F|  |TAMS 0x0000000085400000, 0x0000000085400000| Untracked 
|  85|0x0000000085500000, 0x0000000085500000, 0x0000000085600000|  0%| F|  |TAMS 0x0000000085500000, 0x0000000085500000| Untracked 
|  86|0x0000000085600000, 0x0000000085600000, 0x0000000085700000|  0%| F|  |TAMS 0x0000000085600000, 0x0000000085600000| Untracked 
|  87|0x0000000085700000, 0x0000000085700000, 0x0000000085800000|  0%| F|  |TAMS 0x0000000085700000, 0x0000000085700000| Untracked 
|  88|0x0000000085800000, 0x0000000085800000, 0x0000000085900000|  0%| F|  |TAMS 0x0000000085800000, 0x0000000085800000| Untracked 
|  89|0x0000000085900000, 0x0000000085900000, 0x0000000085a00000|  0%| F|  |TAMS 0x0000000085900000, 0x0000000085900000| Untracked 
|  90|0x0000000085a00000, 0x0000000085a00000, 0x0000000085b00000|  0%| F|  |TAMS 0x0000000085a00000, 0x0000000085a00000| Untracked 
|  91|0x0000000085b00000, 0x0000000085b00000, 0x0000000085c00000|  0%| F|  |TAMS 0x0000000085b00000, 0x0000000085b00000| Untracked 
|  92|0x0000000085c00000, 0x0000000085c00000, 0x0000000085d00000|  0%| F|  |TAMS 0x0000000085c00000, 0x0000000085c00000| Untracked 
|  93|0x0000000085d00000, 0x0000000085d00000, 0x0000000085e00000|  0%| F|  |TAMS 0x0000000085d00000, 0x0000000085d00000| Untracked 
|  94|0x0000000085e00000, 0x0000000085e00000, 0x0000000085f00000|  0%| F|  |TAMS 0x0000000085e00000, 0x0000000085e00000| Untracked 
|  95|0x0000000085f00000, 0x0000000085f00000, 0x0000000086000000|  0%| F|  |TAMS 0x0000000085f00000, 0x0000000085f00000| Untracked 
|  96|0x0000000086000000, 0x0000000086100000, 0x0000000086100000|100%| S|CS|TAMS 0x0000000086000000, 0x0000000086000000| Complete 
|  97|0x0000000086100000, 0x0000000086200000, 0x0000000086200000|100%| S|CS|TAMS 0x0000000086100000, 0x0000000086100000| Complete 
|  98|0x0000000086200000, 0x0000000086300000, 0x0000000086300000|100%| S|CS|TAMS 0x0000000086200000, 0x0000000086200000| Complete 
|  99|0x0000000086300000, 0x0000000086400000, 0x0000000086400000|100%| S|CS|TAMS 0x0000000086300000, 0x0000000086300000| Complete 
| 100|0x0000000086400000, 0x0000000086500000, 0x0000000086500000|100%| S|CS|TAMS 0x0000000086400000, 0x0000000086400000| Complete 
| 101|0x0000000086500000, 0x0000000086500000, 0x0000000086600000|  0%| F|  |TAMS 0x0000000086500000, 0x0000000086500000| Untracked 
| 102|0x0000000086600000, 0x0000000086600000, 0x0000000086700000|  0%| F|  |TAMS 0x0000000086600000, 0x0000000086600000| Untracked 
| 103|0x0000000086700000, 0x0000000086700000, 0x0000000086800000|  0%| F|  |TAMS 0x0000000086700000, 0x0000000086700000| Untracked 
| 104|0x0000000086800000, 0x0000000086800000, 0x0000000086900000|  0%| F|  |TAMS 0x0000000086800000, 0x0000000086800000| Untracked 
| 105|0x0000000086900000, 0x0000000086900000, 0x0000000086a00000|  0%| F|  |TAMS 0x0000000086900000, 0x0000000086900000| Untracked 
| 106|0x0000000086a00000, 0x0000000086a00000, 0x0000000086b00000|  0%| F|  |TAMS 0x0000000086a00000, 0x0000000086a00000| Untracked 
| 107|0x0000000086b00000, 0x0000000086c00000, 0x0000000086c00000|100%| S|CS|TAMS 0x0000000086b00000, 0x0000000086b00000| Complete 
| 108|0x0000000086c00000, 0x0000000086c00000, 0x0000000086d00000|  0%| F|  |TAMS 0x0000000086c00000, 0x0000000086c00000| Untracked 
| 109|0x0000000086d00000, 0x0000000086e00000, 0x0000000086e00000|100%| S|CS|TAMS 0x0000000086d00000, 0x0000000086d00000| Complete 
| 110|0x0000000086e00000, 0x0000000086e00000, 0x0000000086f00000|  0%| F|  |TAMS 0x0000000086e00000, 0x0000000086e00000| Untracked 
| 111|0x0000000086f00000, 0x0000000086f00000, 0x0000000087000000|  0%| F|  |TAMS 0x0000000086f00000, 0x0000000086f00000| Untracked 
| 112|0x0000000087000000, 0x0000000087000000, 0x0000000087100000|  0%| F|  |TAMS 0x0000000087000000, 0x0000000087000000| Untracked 
| 113|0x0000000087100000, 0x0000000087100000, 0x0000000087200000|  0%| F|  |TAMS 0x0000000087100000, 0x0000000087100000| Untracked 
| 114|0x0000000087200000, 0x0000000087200000, 0x0000000087300000|  0%| F|  |TAMS 0x0000000087200000, 0x0000000087200000| Untracked 
| 115|0x0000000087300000, 0x0000000087300000, 0x0000000087400000|  0%| F|  |TAMS 0x0000000087300000, 0x0000000087300000| Untracked 
| 116|0x0000000087400000, 0x0000000087400000, 0x0000000087500000|  0%| F|  |TAMS 0x0000000087400000, 0x0000000087400000| Untracked 
| 117|0x0000000087500000, 0x0000000087500000, 0x0000000087600000|  0%| F|  |TAMS 0x0000000087500000, 0x0000000087500000| Untracked 
| 118|0x0000000087600000, 0x0000000087600000, 0x0000000087700000|  0%| F|  |TAMS 0x0000000087600000, 0x0000000087600000| Untracked 
| 119|0x0000000087700000, 0x0000000087700000, 0x0000000087800000|  0%| F|  |TAMS 0x0000000087700000, 0x0000000087700000| Untracked 
| 120|0x0000000087800000, 0x0000000087800000, 0x0000000087900000|  0%| F|  |TAMS 0x0000000087800000, 0x0000000087800000| Untracked 
| 121|0x0000000087900000, 0x0000000087900000, 0x0000000087a00000|  0%| F|  |TAMS 0x0000000087900000, 0x0000000087900000| Untracked 
| 122|0x0000000087a00000, 0x0000000087a00000, 0x0000000087b00000|  0%| F|  |TAMS 0x0000000087a00000, 0x0000000087a00000| Untracked 
| 123|0x0000000087b00000, 0x0000000087b00000, 0x0000000087c00000|  0%| F|  |TAMS 0x0000000087b00000, 0x0000000087b00000| Untracked 
| 124|0x0000000087c00000, 0x0000000087c00000, 0x0000000087d00000|  0%| F|  |TAMS 0x0000000087c00000, 0x0000000087c00000| Untracked 
| 125|0x0000000087d00000, 0x0000000087d00000, 0x0000000087e00000|  0%| F|  |TAMS 0x0000000087d00000, 0x0000000087d00000| Untracked 
| 126|0x0000000087e00000, 0x0000000087e00000, 0x0000000087f00000|  0%| F|  |TAMS 0x0000000087e00000, 0x0000000087e00000| Untracked 
| 127|0x0000000087f00000, 0x0000000087f00000, 0x0000000088000000|  0%| F|  |TAMS 0x0000000087f00000, 0x0000000087f00000| Untracked 
| 128|0x0000000088000000, 0x0000000088000000, 0x0000000088100000|  0%| F|  |TAMS 0x0000000088000000, 0x0000000088000000| Untracked 
| 129|0x0000000088100000, 0x0000000088100000, 0x0000000088200000|  0%| F|  |TAMS 0x0000000088100000, 0x0000000088100000| Untracked 
| 130|0x0000000088200000, 0x0000000088200000, 0x0000000088300000|  0%| F|  |TAMS 0x0000000088200000, 0x0000000088200000| Untracked 
| 131|0x0000000088300000, 0x0000000088300000, 0x0000000088400000|  0%| F|  |TAMS 0x0000000088300000, 0x0000000088300000| Untracked 
| 132|0x0000000088400000, 0x0000000088400000, 0x0000000088500000|  0%| F|  |TAMS 0x0000000088400000, 0x0000000088400000| Untracked 
| 133|0x0000000088500000, 0x0000000088500000, 0x0000000088600000|  0%| F|  |TAMS 0x0000000088500000, 0x0000000088500000| Untracked 
| 134|0x0000000088600000, 0x0000000088600000, 0x0000000088700000|  0%| F|  |TAMS 0x0000000088600000, 0x0000000088600000| Untracked 
| 135|0x0000000088700000, 0x0000000088700000, 0x0000000088800000|  0%| F|  |TAMS 0x0000000088700000, 0x0000000088700000| Untracked 
| 136|0x0000000088800000, 0x0000000088800000, 0x0000000088900000|  0%| F|  |TAMS 0x0000000088800000, 0x0000000088800000| Untracked 
| 137|0x0000000088900000, 0x0000000088900000, 0x0000000088a00000|  0%| F|  |TAMS 0x0000000088900000, 0x0000000088900000| Untracked 
| 138|0x0000000088a00000, 0x0000000088a00000, 0x0000000088b00000|  0%| F|  |TAMS 0x0000000088a00000, 0x0000000088a00000| Untracked 
| 139|0x0000000088b00000, 0x0000000088b00000, 0x0000000088c00000|  0%| F|  |TAMS 0x0000000088b00000, 0x0000000088b00000| Untracked 
| 140|0x0000000088c00000, 0x0000000088c00000, 0x0000000088d00000|  0%| F|  |TAMS 0x0000000088c00000, 0x0000000088c00000| Untracked 
| 141|0x0000000088d00000, 0x0000000088d00000, 0x0000000088e00000|  0%| F|  |TAMS 0x0000000088d00000, 0x0000000088d00000| Untracked 
| 142|0x0000000088e00000, 0x0000000088e00000, 0x0000000088f00000|  0%| F|  |TAMS 0x0000000088e00000, 0x0000000088e00000| Untracked 
| 143|0x0000000088f00000, 0x0000000088f00000, 0x0000000089000000|  0%| F|  |TAMS 0x0000000088f00000, 0x0000000088f00000| Untracked 
| 144|0x0000000089000000, 0x0000000089000000, 0x0000000089100000|  0%| F|  |TAMS 0x0000000089000000, 0x0000000089000000| Untracked 
| 145|0x0000000089100000, 0x0000000089100000, 0x0000000089200000|  0%| F|  |TAMS 0x0000000089100000, 0x0000000089100000| Untracked 
| 146|0x0000000089200000, 0x0000000089200000, 0x0000000089300000|  0%| F|  |TAMS 0x0000000089200000, 0x0000000089200000| Untracked 
| 147|0x0000000089300000, 0x0000000089300000, 0x0000000089400000|  0%| F|  |TAMS 0x0000000089300000, 0x0000000089300000| Untracked 
| 148|0x0000000089400000, 0x0000000089400000, 0x0000000089500000|  0%| F|  |TAMS 0x0000000089400000, 0x0000000089400000| Untracked 
| 149|0x0000000089500000, 0x0000000089500000, 0x0000000089600000|  0%| F|  |TAMS 0x0000000089500000, 0x0000000089500000| Untracked 
| 150|0x0000000089600000, 0x0000000089600000, 0x0000000089700000|  0%| F|  |TAMS 0x0000000089600000, 0x0000000089600000| Untracked 
| 151|0x0000000089700000, 0x0000000089700000, 0x0000000089800000|  0%| F|  |TAMS 0x0000000089700000, 0x0000000089700000| Untracked 

Card table byte_map: [0x00000214726d0000,0x0000021472ad0000] _byte_map_base: 0x00000214722d0000

Marking Bits (Prev, Next): (CMBitMap*) 0x000002146e4ca038, (CMBitMap*) 0x000002146e4ca070
 Prev Bits: [0x0000021472ed0000, 0x0000021474ed0000)
 Next Bits: [0x0000021474ed0000, 0x0000021476ed0000)

Polling page: 0x000002146c3e0000

Metaspace:

Usage:
  Non-class:     73.61 MB capacity,    72.06 MB ( 98%) used,     1.29 MB (  2%) free+waste,   269.94 KB ( <1%) overhead. 
      Class:     11.75 MB capacity,    10.86 MB ( 92%) used,   785.95 KB (  7%) free+waste,   122.88 KB (  1%) overhead. 
       Both:     85.36 MB capacity,    82.92 MB ( 97%) used,     2.05 MB (  2%) free+waste,   392.81 KB ( <1%) overhead. 

Virtual space:
  Non-class space:       74.00 MB reserved,      73.68 MB (>99%) committed 
      Class space:        1.00 GB reserved,      11.83 MB (  1%) committed 
             Both:        1.07 GB reserved,      85.51 MB (  8%) committed 

Chunk freelists:
   Non-Class:  7.00 KB
       Class:  3.00 KB
        Both:  10.00 KB

MaxMetaspaceSize: 17179869184.00 GB
CompressedClassSpaceSize: 1.00 GB
Initial GC threshold: 20.80 MB
Current GC threshold: 140.22 MB
CDS: off

CodeHeap 'non-profiled nmethods': size=120000Kb used=4080Kb max_used=4080Kb free=115919Kb
 bounds [0x0000021407ad0000, 0x0000021407ed0000, 0x000002140f000000]
CodeHeap 'profiled nmethods': size=120000Kb used=19074Kb max_used=19074Kb free=100925Kb
 bounds [0x00000214005a0000, 0x0000021401850000, 0x0000021407ad0000]
CodeHeap 'non-nmethods': size=5760Kb used=2375Kb max_used=2411Kb free=3384Kb
 bounds [0x0000021400000000, 0x0000021400270000, 0x00000214005a0000]
 total_blobs=10896 nmethods=10009 adapters=797
 compilation: enabled
              stopped_count=0, restarted_count=0
 full_count=0

Compilation events (20 events):
Event: 24.842 Thread 0x0000021479941800 10294       2       it.unimi.dsi.fastutil.HashCommon::nextPowerOfTwo (53 bytes)
Event: 24.843 Thread 0x0000021479941800 nmethod 10294 0x0000021401837910 code [0x0000021401837ac0, 0x0000021401837c38]
Event: 24.856 Thread 0x0000021479941800 10295 %     3       com.google.common.collect.ImmutableSet::rebuildHashTable @ 14 (77 bytes)
Event: 24.857 Thread 0x0000021479941800 nmethod 10295% 0x0000021401837d10 code [0x0000021401837f20, 0x00000214018386a8]
Event: 24.860 Thread 0x0000021479940000 nmethod 10231 0x0000021407ec7e10 code [0x0000021407ec8000, 0x0000021407ec8dc8]
Event: 24.861 Thread 0x0000021479940000 10251       4       com.google.common.collect.ImmutableSet::chooseTableSize (61 bytes)
Event: 24.861 Thread 0x0000021479941800 10296 %     3       org.gradle.api.internal.tasks.compile.incremental.compilerapi.deps.DependentSetSerializer::read @ 90 (198 bytes)
Event: 24.862 Thread 0x0000021479940000 nmethod 10251 0x0000021407ec9110 code [0x0000021407ec92c0, 0x0000021407ec9378]
Event: 24.862 Thread 0x0000021479940000 10256       4       com.google.common.collect.ImmutableSet$RegularSetBuilderImpl::add (122 bytes)
Event: 24.864 Thread 0x0000021479941800 nmethod 10296% 0x0000021401838990 code [0x0000021401838e40, 0x000002140183b458]
Event: 24.874 Thread 0x0000021479941800 10302       3       org.gradle.api.internal.tasks.compile.incremental.compilerapi.deps.DependentSetSerializer::read (198 bytes)
Event: 24.877 Thread 0x0000021479941800 nmethod 10302 0x000002140183c210 code [0x000002140183c720, 0x000002140183f348]
Event: 24.896 Thread 0x0000021479940000 nmethod 10256 0x0000021407ec9410 code [0x0000021407ec9620, 0x0000021407eca618]
Event: 24.896 Thread 0x0000021479940000 10307       4       org.gradle.internal.snapshot.VfsRelativePath::hasPrefix (114 bytes)
Event: 24.903 Thread 0x0000021479941800 10309       2       org.gradle.internal.serialize.AbstractSerializer::<init> (5 bytes)
Event: 24.904 Thread 0x0000021479941800 nmethod 10309 0x0000021401840290 code [0x0000021401840440, 0x0000021401840538]
Event: 24.907 Thread 0x0000021479941800 10310       2       com.google.common.collect.HashBiMap::createTable (5 bytes)
Event: 24.907 Thread 0x0000021479941800 nmethod 10310 0x0000021401840610 code [0x00000214018407c0, 0x0000021401840958]
Event: 24.914 Thread 0x0000021479940000 nmethod 10307 0x0000021407ecae90 code [0x0000021407ecb080, 0x0000021407ecb928]
Event: 24.914 Thread 0x0000021479940000 10301       4       com.google.common.collect.HashBiMap::rehashIfNecessary (87 bytes)

GC Heap History (20 events):
Event: 18.071 GC heap after
{Heap after GC invocations=19 (full 0):
 garbage-first heap   total 129024K, used 58229K [0x0000000080000000, 0x0000000100000000)
  region size 1024K, 6 young (6144K), 6 survivors (6144K)
 Metaspace       used 65616K, capacity 67337K, committed 67592K, reserved 1107968K
  class space    used 8386K, capacity 9015K, committed 9040K, reserved 1048576K
}
Event: 18.981 GC heap before
{Heap before GC invocations=19 (full 0):
 garbage-first heap   total 129024K, used 98165K [0x0000000080000000, 0x0000000100000000)
  region size 1024K, 45 young (46080K), 6 survivors (6144K)
 Metaspace       used 70615K, capacity 72315K, committed 72584K, reserved 1112064K
  class space    used 9204K, capacity 9836K, committed 9936K, reserved 1048576K
}
Event: 18.990 GC heap after
{Heap after GC invocations=20 (full 0):
 garbage-first heap   total 129024K, used 60685K [0x0000000080000000, 0x0000000100000000)
  region size 1024K, 3 young (3072K), 3 survivors (3072K)
 Metaspace       used 70615K, capacity 72315K, committed 72584K, reserved 1112064K
  class space    used 9204K, capacity 9836K, committed 9936K, reserved 1048576K
}
Event: 19.310 GC heap before
{Heap before GC invocations=20 (full 0):
 garbage-first heap   total 129024K, used 100621K [0x0000000080000000, 0x0000000100000000)
  region size 1024K, 42 young (43008K), 3 survivors (3072K)
 Metaspace       used 71633K, capacity 73365K, committed 73480K, reserved 1112064K
  class space    used 9354K, capacity 9990K, committed 10064K, reserved 1048576K
}
Event: 19.316 GC heap after
{Heap after GC invocations=21 (full 0):
 garbage-first heap   total 129024K, used 63343K [0x0000000080000000, 0x0000000100000000)
  region size 1024K, 6 young (6144K), 6 survivors (6144K)
 Metaspace       used 71633K, capacity 73365K, committed 73480K, reserved 1112064K
  class space    used 9354K, capacity 9990K, committed 10064K, reserved 1048576K
}
Event: 20.137 GC heap before
{Heap before GC invocations=22 (full 0):
 garbage-first heap   total 129024K, used 102255K [0x0000000080000000, 0x0000000100000000)
  region size 1024K, 44 young (45056K), 6 survivors (6144K)
 Metaspace       used 74407K, capacity 76258K, committed 76424K, reserved 1116160K
  class space    used 9737K, capacity 10426K, committed 10448K, reserved 1048576K
}
Event: 20.148 GC heap after
{Heap after GC invocations=23 (full 0):
 garbage-first heap   total 129024K, used 66094K [0x0000000080000000, 0x0000000100000000)
  region size 1024K, 6 young (6144K), 6 survivors (6144K)
 Metaspace       used 74407K, capacity 76258K, committed 76424K, reserved 1116160K
  class space    used 9737K, capacity 10426K, committed 10448K, reserved 1048576K
}
Event: 20.954 GC heap before
{Heap before GC invocations=23 (full 0):
 garbage-first heap   total 129024K, used 103982K [0x0000000080000000, 0x0000000100000000)
  region size 1024K, 43 young (44032K), 6 survivors (6144K)
 Metaspace       used 78870K, capacity 80809K, committed 80904K, reserved 1120256K
  class space    used 10351K, capacity 11033K, committed 11088K, reserved 1048576K
}
Event: 20.967 GC heap after
{Heap after GC invocations=24 (full 0):
 garbage-first heap   total 129024K, used 68328K [0x0000000080000000, 0x0000000100000000)
  region size 1024K, 5 young (5120K), 5 survivors (5120K)
 Metaspace       used 78870K, capacity 80809K, committed 80904K, reserved 1120256K
  class space    used 10351K, capacity 11033K, committed 11088K, reserved 1048576K
}
Event: 22.031 GC heap before
{Heap before GC invocations=25 (full 0):
 garbage-first heap   total 129024K, used 105192K [0x0000000080000000, 0x0000000100000000)
  region size 1024K, 41 young (41984K), 5 survivors (5120K)
 Metaspace       used 81226K, capacity 83346K, committed 83592K, reserved 1122304K
  class space    used 10704K, capacity 11469K, committed 11472K, reserved 1048576K
}
Event: 22.042 GC heap after
{Heap after GC invocations=26 (full 0):
 garbage-first heap   total 129024K, used 71724K [0x0000000080000000, 0x0000000100000000)
  region size 1024K, 6 young (6144K), 6 survivors (6144K)
 Metaspace       used 81226K, capacity 83346K, committed 83592K, reserved 1122304K
  class space    used 10704K, capacity 11469K, committed 11472K, reserved 1048576K
}
Event: 22.432 GC heap before
{Heap before GC invocations=26 (full 0):
 garbage-first heap   total 129024K, used 105516K [0x0000000080000000, 0x0000000100000000)
  region size 1024K, 40 young (40960K), 6 survivors (6144K)
 Metaspace       used 82339K, capacity 84748K, committed 85000K, reserved 1122304K
  class space    used 10917K, capacity 11811K, committed 11856K, reserved 1048576K
}
Event: 22.445 GC heap after
{Heap after GC invocations=27 (full 0):
 garbage-first heap   total 155648K, used 74419K [0x0000000080000000, 0x0000000100000000)
  region size 1024K, 3 young (3072K), 3 survivors (3072K)
 Metaspace       used 82339K, capacity 84748K, committed 85000K, reserved 1122304K
  class space    used 10917K, capacity 11811K, committed 11856K, reserved 1048576K
}
Event: 23.209 GC heap before
{Heap before GC invocations=28 (full 0):
 garbage-first heap   total 155648K, used 119475K [0x0000000080000000, 0x0000000100000000)
  region size 1024K, 48 young (49152K), 3 survivors (3072K)
 Metaspace       used 82833K, capacity 85264K, committed 85640K, reserved 1122304K
  class space    used 10928K, capacity 11856K, committed 11984K, reserved 1048576K
}
Event: 23.219 GC heap after
{Heap after GC invocations=29 (full 0):
 garbage-first heap   total 155648K, used 77566K [0x0000000080000000, 0x0000000100000000)
  region size 1024K, 6 young (6144K), 6 survivors (6144K)
 Metaspace       used 82833K, capacity 85264K, committed 85640K, reserved 1122304K
  class space    used 10928K, capacity 11856K, committed 11984K, reserved 1048576K
}
Event: 23.820 GC heap before
{Heap before GC invocations=29 (full 0):
 garbage-first heap   total 155648K, used 121598K [0x0000000080000000, 0x0000000100000000)
  region size 1024K, 50 young (51200K), 6 survivors (6144K)
 Metaspace       used 83341K, capacity 85804K, committed 86152K, reserved 1124352K
  class space    used 10976K, capacity 11875K, committed 11984K, reserved 1048576K
}
Event: 23.834 GC heap after
{Heap after GC invocations=30 (full 0):
 garbage-first heap   total 155648K, used 80159K [0x0000000080000000, 0x0000000100000000)
  region size 1024K, 7 young (7168K), 7 survivors (7168K)
 Metaspace       used 83341K, capacity 85804K, committed 86152K, reserved 1124352K
  class space    used 10976K, capacity 11875K, committed 11984K, reserved 1048576K
}
Event: 24.485 GC heap before
{Heap before GC invocations=31 (full 0):
 garbage-first heap   total 155648K, used 123167K [0x0000000080000000, 0x0000000100000000)
  region size 1024K, 50 young (51200K), 7 survivors (7168K)
 Metaspace       used 83634K, capacity 86025K, committed 86152K, reserved 1124352K
  class space    used 10999K, capacity 11911K, committed 11984K, reserved 1048576K
}
Event: 24.496 GC heap after
{Heap after GC invocations=32 (full 0):
 garbage-first heap   total 155648K, used 83710K [0x0000000080000000, 0x0000000100000000)
  region size 1024K, 7 young (7168K), 7 survivors (7168K)
 Metaspace       used 83634K, capacity 86025K, committed 86152K, reserved 1124352K
  class space    used 10999K, capacity 11911K, committed 11984K, reserved 1048576K
}
Event: 24.927 GC heap before
{Heap before GC invocations=32 (full 0):
 garbage-first heap   total 155648K, used 125694K [0x0000000080000000, 0x0000000100000000)
  region size 1024K, 49 young (50176K), 7 survivors (7168K)
 Metaspace       used 84909K, capacity 87406K, committed 87560K, reserved 1124352K
  class space    used 11120K, capacity 12029K, committed 12112K, reserved 1048576K
}

Deoptimization events (20 events):
Event: 24.408 Thread 0x000002140f8a9000 Uncommon trap: trap_request=0xffffff7e fr.pc=0x0000021407eb1530 relative=0x0000000000000370
Event: 24.408 Thread 0x000002140f8a9000 Uncommon trap: reason=predicate action=maybe_recompile pc=0x0000021407eb1530 method=java.util.AbstractCollection.toArray([Ljava/lang/Object;)[Ljava/lang/Object; @ 43 c2
Event: 24.408 Thread 0x000002140f8a9000 DEOPT PACKING pc=0x0000021407eb1530 sp=0x000000a915ffbd20
Event: 24.408 Thread 0x000002140f8a9000 DEOPT UNPACKING pc=0x000002140004a1af sp=0x000000a915ffbcc8 mode 2
Event: 24.512 Thread 0x000002147ca7d800 Uncommon trap: trap_request=0xffffff4d fr.pc=0x0000021407e7583c relative=0x000000000000013c
Event: 24.512 Thread 0x000002147ca7d800 Uncommon trap: reason=unstable_if action=reinterpret pc=0x0000021407e7583c method=org.gradle.internal.snapshot.VfsRelativePath.hasPrefix(Ljava/lang/String;Lorg/gradle/internal/snapshot/CaseSensitivity;)Z @ 105 c2
Event: 24.512 Thread 0x000002147ca7d800 DEOPT PACKING pc=0x0000021407e7583c sp=0x000000a9134fb900
Event: 24.512 Thread 0x000002147ca7d800 DEOPT UNPACKING pc=0x000002140004a1af sp=0x000000a9134fb890 mode 2
Event: 24.627 Thread 0x000002140f8a9000 Uncommon trap: trap_request=0xffffff7e fr.pc=0x0000021407ea778c relative=0x0000000000000bcc
Event: 24.627 Thread 0x000002140f8a9000 Uncommon trap: reason=predicate action=maybe_recompile pc=0x0000021407ea778c method=com.google.common.collect.RegularImmutableMap.fromEntryArray(I[Ljava/util/Map$Entry;)Lcom/google/common/collect/ImmutableMap; @ 59 c2
Event: 24.627 Thread 0x000002140f8a9000 DEOPT PACKING pc=0x0000021407ea778c sp=0x000000a915ffc150
Event: 24.627 Thread 0x000002140f8a9000 DEOPT UNPACKING pc=0x000002140004a1af sp=0x000000a915ffc0f8 mode 2
Event: 24.816 Thread 0x000002140f8aa000 Uncommon trap: trap_request=0xfffffff4 fr.pc=0x0000021407ec17e4 relative=0x0000000000000f44
Event: 24.816 Thread 0x000002140f8ad000 Uncommon trap: trap_request=0xfffffff4 fr.pc=0x0000021407ec17e4 relative=0x0000000000000f44
Event: 24.816 Thread 0x000002140f8aa000 Uncommon trap: reason=null_check action=make_not_entrant pc=0x0000021407ec17e4 method=org.gradle.tooling.internal.provider.runner.ClientBuildEventGenerator$Enabled.accept(Lorg/gradle/internal/operations/BuildOperationDescriptor;)Lorg/gradle/tooling/intern
Event: 24.816 Thread 0x000002140f8ad000 Uncommon trap: reason=null_check action=make_not_entrant pc=0x0000021407ec17e4 method=org.gradle.tooling.internal.provider.runner.ClientBuildEventGenerator$Enabled.accept(Lorg/gradle/internal/operations/BuildOperationDescriptor;)Lorg/gradle/tooling/intern
Event: 24.816 Thread 0x000002140f8aa000 DEOPT PACKING pc=0x0000021407ec17e4 sp=0x000000a9167fe1c0
Event: 24.816 Thread 0x000002140f8ad000 DEOPT PACKING pc=0x0000021407ec17e4 sp=0x000000a9166fe640
Event: 24.816 Thread 0x000002140f8aa000 DEOPT UNPACKING pc=0x000002140004a1af sp=0x000000a9167fe088 mode 2
Event: 24.816 Thread 0x000002140f8ad000 DEOPT UNPACKING pc=0x000002140004a1af sp=0x000000a9166fe508 mode 2

Classes redefined (0 events):
No events

Internal exceptions (20 events):
Event: 21.358 Thread 0x000002140f8a3800 Exception <a 'java/lang/NoSuchMethodError'{0x0000000086e350e0}: 'java.lang.Object java.lang.invoke.DirectMethodHandle$Holder.invokeInterface(java.lang.Object, java.lang.Object, int)'> (0x0000000086e350e0) thrown at [./src/hotspot/share/interpreter/linkResolver.cpp, line 773]
Event: 21.360 Thread 0x000002140f8a3800 Exception <a 'java/lang/NoSuchMethodError'{0x0000000086e472f0}: 'void java.lang.invoke.DirectMethodHandle$Holder.invokeStatic(java.lang.Object, java.lang.Object, java.lang.Object, int)'> (0x0000000086e472f0) thrown at [./src/hotspot/share/interpreter/linkResolver.cpp, line 773]
Event: 21.444 Thread 0x000002140f8a3800 Exception <a 'java/lang/IncompatibleClassChangeError'{0x00000000865da310}: Found class java.lang.Object, but interface was expected> (0x00000000865da310) thrown at [./src/hotspot/share/interpreter/linkResolver.cpp, line 839]
Event: 22.088 Thread 0x000002140f8a3800 Exception <a 'java/lang/NoSuchMethodError'{0x0000000087bed8b8}: 'void java.lang.invoke.DirectMethodHandle$Holder.invokeStatic(java.lang.Object, java.lang.Object, java.lang.Object, java.lang.Object, int, java.lang.Object, java.lang.Object)'> (0x0000000087bed8b8) thrown at [./src/hotspot/share/interpreter/linkResolver.cpp, line 773]
Event: 22.127 Thread 0x000002147ca8a000 Exception <a 'java/lang/NoSuchMethodError'{0x00000000875585e8}: 'java.lang.Object java.lang.invoke.DirectMethodHandle$Holder.invokeSpecialIFC(java.lang.Object, java.lang.Object, java.lang.Object)'> (0x00000000875585e8) thrown at [./src/hotspot/share/interpreter/linkResolver.cpp, line 773]
Event: 22.127 Thread 0x000002147c38d000 Exception <a 'java/lang/NoSuchMethodError'{0x0000000087581ff8}: 'java.lang.Object java.lang.invoke.DirectMethodHandle$Holder.invokeSpecialIFC(java.lang.Object, java.lang.Object, java.lang.Object)'> (0x0000000087581ff8) thrown at [./src/hotspot/share/interpreter/linkResolver.cpp, line 773]
Event: 22.127 Thread 0x000002147ce1d000 Exception <a 'java/lang/NoSuchMethodError'{0x0000000087577bf8}: 'java.lang.Object java.lang.invoke.DirectMethodHandle$Holder.invokeSpecialIFC(java.lang.Object, java.lang.Object, java.lang.Object)'> (0x0000000087577bf8) thrown at [./src/hotspot/share/interpreter/linkResolver.cpp, line 773]
Event: 22.127 Thread 0x000002147cf6a000 Exception <a 'java/lang/NoSuchMethodError'{0x000000008756f250}: 'java.lang.Object java.lang.invoke.DirectMethodHandle$Holder.invokeSpecialIFC(java.lang.Object, java.lang.Object, java.lang.Object)'> (0x000000008756f250) thrown at [./src/hotspot/share/interpreter/linkResolver.cpp, line 773]
Event: 22.127 Thread 0x000002147ca85000 Exception <a 'java/lang/NoSuchMethodError'{0x000000008752eda0}: 'java.lang.Object java.lang.invoke.DirectMethodHandle$Holder.invokeSpecialIFC(java.lang.Object, java.lang.Object, java.lang.Object)'> (0x000000008752eda0) thrown at [./src/hotspot/share/interpreter/linkResolver.cpp, line 773]
Event: 22.183 Thread 0x000002147cf6a000 Exception <a 'java/lang/NoSuchMethodError'{0x0000000087170cc0}: 'int java.lang.invoke.DirectMethodHandle$Holder.invokeStaticInit(java.lang.Object, java.lang.Object, java.lang.Object, java.lang.Object, java.lang.Object)'> (0x0000000087170cc0) thrown at [./src/hotspot/share/interpreter/linkResolver.cpp, line 773]
Event: 22.526 Thread 0x000002147c389000 Exception <a 'java/lang/NoSuchMethodError'{0x000000008932a470}: 'void java.lang.invoke.DirectMethodHandle$Holder.invokeVirtual(java.lang.Object, java.lang.Object)'> (0x000000008932a470) thrown at [./src/hotspot/share/interpreter/linkResolver.cpp, line 773]
Event: 24.142 Thread 0x000002147c393800 Implicit null exception at 0x0000021407ea8adb to 0x0000021407ea8b6c
Event: 24.226 Thread 0x000002140f8a9000 Exception <a 'java/lang/NoSuchMethodError'{0x00000000888e4960}: <clinit>> (0x00000000888e4960) thrown at [./src/hotspot/share/prims/jni.cpp, line 1365]
Event: 24.226 Thread 0x000002140f8a9000 Exception <a 'java/lang/NoSuchMethodError'{0x00000000888e5f68}: <clinit>> (0x00000000888e5f68) thrown at [./src/hotspot/share/prims/jni.cpp, line 1365]
Event: 24.226 Thread 0x000002140f8a9000 Exception <a 'java/lang/NoSuchMethodError'{0x00000000888e8b58}: <clinit>> (0x00000000888e8b58) thrown at [./src/hotspot/share/prims/jni.cpp, line 1365]
Event: 24.228 Thread 0x000002140f8a9000 Exception <a 'java/lang/NoSuchMethodError'{0x0000000088701128}: <clinit>> (0x0000000088701128) thrown at [./src/hotspot/share/prims/jni.cpp, line 1365]
Event: 24.228 Thread 0x000002140f8a9000 Exception <a 'java/lang/NoSuchMethodError'{0x0000000088702360}: <clinit>> (0x0000000088702360) thrown at [./src/hotspot/share/prims/jni.cpp, line 1365]
Event: 24.609 Thread 0x000002140f8a9000 Exception <a 'java/lang/NoSuchMethodError'{0x0000000088c62f70}: 'int java.lang.invoke.DirectMethodHandle$Holder.invokeSpecial(java.lang.Object, java.lang.Object, java.lang.Object, java.lang.Object, java.lang.Object)'> (0x0000000088c62f70) thrown at [./src/hotspot/share/interpreter/linkResolver.cpp, line 773]
Event: 24.816 Thread 0x000002140f8aa000 Implicit null exception at 0x0000021407ec1056 to 0x0000021407ec17d4
Event: 24.816 Thread 0x000002140f8ad000 Implicit null exception at 0x0000021407ec1056 to 0x0000021407ec17d4

Events (20 events):
Event: 24.816 loading class org/gradle/internal/snapshot/FileSystemLocationSnapshot done
Event: 24.816 loading class org/gradle/api/internal/tasks/compile/incremental/classpath/CachingClassSetAnalyzer
Event: 24.816 loading class org/gradle/api/internal/tasks/compile/incremental/classpath/CachingClassSetAnalyzer done
Event: 24.816 loading class org/gradle/api/internal/tasks/compile/incremental/classpath/CachingClassSetAnalyzer
Event: 24.816 loading class org/gradle/api/internal/tasks/compile/incremental/classpath/CachingClassSetAnalyzer done
Event: 24.816 Thread 0x0000021412917800 Thread added: 0x0000021412917800
Event: 24.816 loading class org/gradle/api/internal/tasks/compile/incremental/classpath/CachingClassSetAnalyzer
Event: 24.816 loading class org/gradle/api/internal/tasks/compile/incremental/classpath/CachingClassSetAnalyzer done
Event: 24.816 Thread 0x000002141291c800 Thread added: 0x000002141291c800
Event: 24.817 loading class org/gradle/internal/hash/HashCode
Event: 24.817 loading class org/gradle/internal/hash/HashCode done
Event: 24.817 loading class org/gradle/api/internal/tasks/compile/incremental/classpath/CachingClassSetAnalyzer
Event: 24.817 loading class org/gradle/api/internal/tasks/compile/incremental/classpath/CachingClassSetAnalyzer done
Event: 24.817 loading class org/gradle/api/internal/tasks/compile/incremental/classpath/CachingClassSetAnalyzer
Event: 24.817 loading class org/gradle/api/internal/tasks/compile/incremental/classpath/CachingClassSetAnalyzer done
Event: 24.817 loading class org/gradle/api/internal/tasks/compile/incremental/classpath/CachingClassSetAnalyzer
Event: 24.817 loading class org/gradle/api/internal/tasks/compile/incremental/classpath/CachingClassSetAnalyzer done
Event: 24.817 loading class org/gradle/api/internal/tasks/compile/incremental/classpath/CachingClassSetAnalyzer
Event: 24.817 loading class org/gradle/api/internal/tasks/compile/incremental/classpath/CachingClassSetAnalyzer done
Event: 24.926 Executing VM operation: G1CollectForAllocation


Dynamic libraries:
0x00007ff665270000 - 0x00007ff66527a000 	C:\Program Files\Android\Android Studio1\jre\bin\java.exe
0x00007ff9a5d50000 - 0x00007ff9a5f64000 	C:\WINDOWS\SYSTEM32\ntdll.dll
0x00007ff9a3b40000 - 0x00007ff9a3c03000 	C:\WINDOWS\System32\KERNEL32.DLL
0x00007ff9a3590000 - 0x00007ff9a392d000 	C:\WINDOWS\System32\KERNELBASE.dll
0x00007ff9a3a20000 - 0x00007ff9a3b31000 	C:\WINDOWS\System32\ucrtbase.dll
0x00007ff99d800000 - 0x00007ff99d817000 	C:\Program Files\Android\Android Studio1\jre\bin\VCRUNTIME140.dll
0x00007ff98c900000 - 0x00007ff98c919000 	C:\Program Files\Android\Android Studio1\jre\bin\jli.dll
0x00007ff9a5230000 - 0x00007ff9a53dd000 	C:\WINDOWS\System32\USER32.dll
0x00007ff9a3930000 - 0x00007ff9a3956000 	C:\WINDOWS\System32\win32u.dll
0x00007ff9a2430000 - 0x00007ff9a26be000 	C:\WINDOWS\WinSxS\amd64_microsoft.windows.common-controls_6595b64144ccf1df_6.0.22621.608_none_a9444ca7c10bb01d\COMCTL32.dll
0x00007ff9a4540000 - 0x00007ff9a4569000 	C:\WINDOWS\System32\GDI32.dll
0x00007ff9a4160000 - 0x00007ff9a4207000 	C:\WINDOWS\System32\msvcrt.dll
0x00007ff9a3170000 - 0x00007ff9a3282000 	C:\WINDOWS\System32\gdi32full.dll
0x00007ff9a3300000 - 0x00007ff9a339a000 	C:\WINDOWS\System32\msvcp_win.dll
0x00007ff9a3ce0000 - 0x00007ff9a3d12000 	C:\WINDOWS\System32\IMM32.DLL
0x00007ff9704d0000 - 0x00007ff97056d000 	C:\Program Files\Android\Android Studio1\jre\bin\msvcp140.dll
0x00007ff9537a0000 - 0x00007ff954285000 	C:\Program Files\Android\Android Studio1\jre\bin\server\jvm.dll
0x00007ff9a3d20000 - 0x00007ff9a3dce000 	C:\WINDOWS\System32\ADVAPI32.dll
0x00007ff9a3c30000 - 0x00007ff9a3cd4000 	C:\WINDOWS\System32\sechost.dll
0x00007ff9a53e0000 - 0x00007ff9a54f5000 	C:\WINDOWS\System32\RPCRT4.dll
0x00007ff9a45f0000 - 0x00007ff9a45f8000 	C:\WINDOWS\System32\PSAPI.DLL
0x00007ff99cf40000 - 0x00007ff99cf49000 	C:\WINDOWS\SYSTEM32\WSOCK32.dll
0x00007ff9a4570000 - 0x00007ff9a45e1000 	C:\WINDOWS\System32\WS2_32.dll
0x00007ff99ae70000 - 0x00007ff99aea4000 	C:\WINDOWS\SYSTEM32\WINMM.dll
0x00007ff996ad0000 - 0x00007ff996ada000 	C:\WINDOWS\SYSTEM32\VERSION.dll
0x00007ff9a12d0000 - 0x00007ff9a12e8000 	C:\WINDOWS\SYSTEM32\kernel.appcore.dll
0x00007ff99cf20000 - 0x00007ff99cf31000 	C:\Program Files\Android\Android Studio1\jre\bin\verify.dll
0x00007ff9a29f0000 - 0x00007ff9a2c1e000 	C:\WINDOWS\SYSTEM32\DBGHELP.DLL
0x00007ff9a5980000 - 0x00007ff9a5d0a000 	C:\WINDOWS\System32\combase.dll
0x00007ff9a4220000 - 0x00007ff9a42f7000 	C:\WINDOWS\System32\OLEAUT32.dll
0x00007ff9a2890000 - 0x00007ff9a28c2000 	C:\WINDOWS\SYSTEM32\dbgcore.DLL
0x00007ff9a33a0000 - 0x00007ff9a341b000 	C:\WINDOWS\System32\bcryptPrimitives.dll
0x00007ff98c9d0000 - 0x00007ff98c9f9000 	C:\Program Files\Android\Android Studio1\jre\bin\java.dll
0x00007ff9998f0000 - 0x00007ff9998fb000 	C:\Program Files\Android\Android Studio1\jre\bin\jimage.dll
0x00007ff98c9b0000 - 0x00007ff98c9c8000 	C:\Program Files\Android\Android Studio1\jre\bin\zip.dll
0x00007ff9a4880000 - 0x00007ff9a506f000 	C:\WINDOWS\System32\SHELL32.dll
0x00007ff9a02a0000 - 0x00007ff9a0b68000 	C:\WINDOWS\SYSTEM32\windows.storage.dll
0x00007ff9a0160000 - 0x00007ff9a029e000 	C:\WINDOWS\SYSTEM32\wintypes.dll
0x00007ff9a3fe0000 - 0x00007ff9a40d1000 	C:\WINDOWS\System32\SHCORE.dll
0x00007ff9a3f80000 - 0x00007ff9a3fde000 	C:\WINDOWS\System32\shlwapi.dll
0x00007ff9a30a0000 - 0x00007ff9a30c1000 	C:\WINDOWS\SYSTEM32\profapi.dll
0x00007ff98c830000 - 0x00007ff98c84a000 	C:\Program Files\Android\Android Studio1\jre\bin\net.dll
0x00007ff99a840000 - 0x00007ff99a96f000 	C:\WINDOWS\SYSTEM32\WINHTTP.dll
0x00007ff9a1f30000 - 0x00007ff9a1f99000 	C:\WINDOWS\system32\mswsock.dll
0x00007ff989050000 - 0x00007ff989064000 	C:\Program Files\Android\Android Studio1\jre\bin\nio.dll
0x00007ff9752f0000 - 0x00007ff975317000 	C:\Users\oneal\.gradle\native\e1d6ef7f7dcc3fd88c89a11ec53ec762bb8ba0a96d01ffa2cd45eb1d1d8dd5c5\windows-amd64\native-platform.dll
0x00007ff96b280000 - 0x00007ff96b3c4000 	C:\Users\oneal\.gradle\native\5664cfc778a61ccfe75a443a1ab52a65af34e5dc3c78e0209fed803814484fcb\windows-amd64\native-platform-file-events.dll
0x00007ff998400000 - 0x00007ff99840a000 	C:\Program Files\Android\Android Studio1\jre\bin\management.dll
0x00007ff997f80000 - 0x00007ff997f8d000 	C:\Program Files\Android\Android Studio1\jre\bin\management_ext.dll
0x00007ff9a2d10000 - 0x00007ff9a2d2b000 	C:\WINDOWS\SYSTEM32\CRYPTSP.dll
0x00007ff9a1240000 - 0x00007ff9a1275000 	C:\WINDOWS\system32\rsaenh.dll
0x00007ff9a21a0000 - 0x00007ff9a21c8000 	C:\WINDOWS\SYSTEM32\USERENV.dll
0x00007ff9a29c0000 - 0x00007ff9a29e8000 	C:\WINDOWS\SYSTEM32\bcrypt.dll
0x00007ff9a21d0000 - 0x00007ff9a21dc000 	C:\WINDOWS\SYSTEM32\CRYPTBASE.dll
0x00007ff9a0e00000 - 0x00007ff9a0e2d000 	C:\WINDOWS\SYSTEM32\IPHLPAPI.DLL
0x00007ff9a4530000 - 0x00007ff9a4539000 	C:\WINDOWS\System32\NSI.dll
0x00007ff99a2f0000 - 0x00007ff99a309000 	C:\WINDOWS\SYSTEM32\dhcpcsvc6.DLL
0x00007ff999910000 - 0x00007ff99992f000 	C:\WINDOWS\SYSTEM32\dhcpcsvc.DLL
0x00007ff9a0e80000 - 0x00007ff9a0f72000 	C:\WINDOWS\SYSTEM32\DNSAPI.dll

dbghelp: loaded successfully - version: 4.0.5 - missing functions: none
symbol engine: initialized successfully - sym options: 0x614 - pdb path: .;C:\Program Files\Android\Android Studio1\jre\bin;C:\WINDOWS\SYSTEM32;C:\WINDOWS\WinSxS\amd64_microsoft.windows.common-controls_6595b64144ccf1df_6.0.22621.608_none_a9444ca7c10bb01d;C:\Program Files\Android\Android Studio1\jre\bin\server;C:\Users\oneal\.gradle\native\e1d6ef7f7dcc3fd88c89a11ec53ec762bb8ba0a96d01ffa2cd45eb1d1d8dd5c5\windows-amd64;C:\Users\oneal\.gradle\native\5664cfc778a61ccfe75a443a1ab52a65af34e5dc3c78e0209fed803814484fcb\windows-amd64

VM Arguments:
jvm_args: --add-opens=java.base/java.util=ALL-UNNAMED --add-opens=java.base/java.lang=ALL-UNNAMED --add-opens=java.base/java.lang.invoke=ALL-UNNAMED --add-opens=java.base/java.util=ALL-UNNAMED --add-opens=java.prefs/java.util.prefs=ALL-UNNAMED --add-opens=java.prefs/java.util.prefs=ALL-UNNAMED --add-opens=java.base/java.nio.charset=ALL-UNNAMED --add-opens=java.base/java.net=ALL-UNNAMED --add-opens=java.base/java.util.concurrent.atomic=ALL-UNNAMED -Xmx2048m -Dfile.encoding=UTF-8 -Duser.country=US -Duser.language=en -Duser.variant 
java_command: org.gradle.launcher.daemon.bootstrap.GradleDaemon 7.3.3
java_class_path (initial): C:\Users\oneal\.gradle\wrapper\dists\gradle-7.3.3-bin\6a41zxkdtcxs8rphpq6y0069z\gradle-7.3.3\lib\gradle-launcher-7.3.3.jar
Launcher Type: SUN_STANDARD

[Global flags]
     intx CICompilerCount                          = 4                                         {product} {ergonomic}
     uint ConcGCThreads                            = 2                                         {product} {ergonomic}
     uint G1ConcRefinementThreads                  = 8                                         {product} {ergonomic}
   size_t G1HeapRegionSize                         = 1048576                                   {product} {ergonomic}
    uintx GCDrainStackTargetSize                   = 64                                        {product} {ergonomic}
   size_t InitialHeapSize                          = 132120576                                 {product} {ergonomic}
   size_t MarkStackSize                            = 4194304                                   {product} {ergonomic}
   size_t MaxHeapSize                              = 2147483648                                {product} {command line}
   size_t MaxNewSize                               = 1287651328                                {product} {ergonomic}
   size_t MinHeapDeltaBytes                        = 1048576                                   {product} {ergonomic}
    uintx NonNMethodCodeHeapSize                   = 5836300                                {pd product} {ergonomic}
    uintx NonProfiledCodeHeapSize                  = 122910970                              {pd product} {ergonomic}
    uintx ProfiledCodeHeapSize                     = 122910970                              {pd product} {ergonomic}
    uintx ReservedCodeCacheSize                    = 251658240                              {pd product} {ergonomic}
     bool SegmentedCodeCache                       = true                                      {product} {ergonomic}
     bool UseCompressedClassPointers               = true                                 {lp64_product} {ergonomic}
     bool UseCompressedOops                        = true                                 {lp64_product} {ergonomic}
     bool UseG1GC                                  = true                                      {product} {ergonomic}
     bool UseLargePagesIndividualAllocation        = false                                  {pd product} {ergonomic}

Logging:
Log output configuration:
 #0: stdout all=warning uptime,level,tags
 #1: stderr all=off uptime,level,tags

Environment Variables:
PATH=C:\Program Files\Oculus\Support\oculus-runtime;C:\Program Files\Common Files\Oracle\Java\javapath;C:\ProgramData\Oracle\Java\javapath;C:\Windows\system32;C:\Windows;C:\Windows\System32\Wbem;C:\Windows\System32\WindowsPowerShell\v1.0\;C:\Windows\System32\OpenSSH\;C:\Program Files (x86)\NVIDIA Corporation\PhysX\Common;C:\Program Files\NVIDIA Corporation\NVIDIA NvDLISR;C:\WINDOWS\system32;C:\WINDOWS;C:\WINDOWS\System32\Wbem;C:\WINDOWS\System32\WindowsPowerShell\v1.0\;C:\WINDOWS\System32\OpenSSH\;C:\Program Files\Git\cmd;C:\WINDOWS\system32;C:\WINDOWS;C:\WINDOWS\System32\Wbem;C:\WINDOWS\System32\WindowsPowerShell\v1.0\;C:\WINDOWS\System32\OpenSSH\;C:\Users\oneal\AppData\Local\Microsoft\WindowsApps;;C:\Users\oneal\AppData\Local\Programs\Microsoft VS Code\bin
USERNAME=oneal
OS=Windows_NT
PROCESSOR_IDENTIFIER=Intel64 Family 6 Model 142 Stepping 12, GenuineIntel



---------------  S Y S T E M  ---------------

OS: Windows 10 , 64 bit Build 22621 (10.0.22621.1105)
OS uptime: 1 days 1:04 hours

CPU:total 8 (initial active 8) (4 cores per cpu, 2 threads per core) family 6 model 142 stepping 12 microcode 0xde, cmov, cx8, fxsr, mmx, sse, sse2, sse3, ssse3, sse4.1, sse4.2, popcnt, avx, avx2, aes, clmul, erms, 3dnowpref, lzcnt, ht, tsc, tscinvbit, bmi1, bmi2, adx, fma

Memory: 4k page, system-wide physical 8005M (247M free)
TotalPageFile size 32581M (AvailPageFile size 22M)
current process WorkingSet (physical memory assigned to process): 392M, peak: 392M
current process commit charge ("private bytes"): 430M, peak: 461M

vm_info: OpenJDK 64-Bit Server VM (11.0.12+7-b1504.28-7817840) for windows-amd64 JRE (11.0.12+7-b1504.28-7817840), built on Oct 13 2021 22:12:33 by "builder" with MS VC++ 14.0 (VS2015)

END.
